#
# A fatal error has been detected by the Java Runtime Environment:
#
#  EXCEPTION_ACCESS_VIOLATION (0xc0000005) at pc=0x000000007110b5db, pid=10428, tid=9984
#
# JRE version: Java(TM) SE Runtime Environment (9.0+11) (build 9.0.4+11)
# Java VM: Java HotSpot(TM) 64-Bit Server VM (9.0.4+11, mixed mode, tiered, compressed oops, g1 gc, windows-amd64)
# Problematic frame:
# C  [jSSC-2.8_x86_64.dll+0xb5db]
#
# No core dump will be written. Minidumps are not enabled by default on client versions of Windows
#
# If you would like to submit a bug report, please visit:
#   http://bugreport.java.com/bugreport/crash.jsp
# The crash happened outside the Java Virtual Machine in native code.
# See problematic frame for where to report the bug.
#

---------------  S U M M A R Y ------------

Command Line: com.mycompany.sensor.Termometro

Host: Intel(R) Core(TM) i7-4500U CPU @ 1.80GHz, 4 cores, 7G,  Windows 10 , 64 bit Build 18362 (10.0.18362.1110)
Time: Tue Jan 12 21:20:29 2021 Hora estándar central (México) elapsed time: 0 seconds (0d 0h 0m 0s)

---------------  T H R E A D  ---------------

Current thread (0x00000254b047f000):  JavaThread "AWT-EventQueue-0" [_thread_in_native, id=9984, stack(0x0000009e98000000,0x0000009e98100000)]

Stack: [0x0000009e98000000,0x0000009e98100000],  sp=0x0000009e980fcdb0,  free space=1011k
Native frames: (J=compiled Java code, j=interpreted, Vv=VM code, C=native code)
C  [jSSC-2.8_x86_64.dll+0xb5db]
C  [jSSC-2.8_x86_64.dll+0x12590]
C  [jSSC-2.8_x86_64.dll+0x1595]
C  0x000002549883921c

Java frames: (J=compiled Java code, j=interpreted, Vv=VM code)
j  jssc.SerialNativeInterface.openPort(Ljava/lang/String;Z)J+0
j  jssc.SerialPort.openPort()Z+65
j  com.panamahitek.PanamaHitek_Arduino.arduinoRX(Ljava/lang/String;ILjssc/SerialPortEventListener;)V+58
j  com.panamahitek.liveinterfaces.PanamaHitek_ThermometerChart.createArduinoFollowUp(Ljava/lang/String;I)V+25
j  com.mycompany.sensor.Termometro.<init>()V+54
j  com.mycompany.sensor.Termometro$1.run()V+4
j  java.awt.event.InvocationEvent.dispatch()V+47 java.desktop@9.0.4
j  java.awt.EventQueue.dispatchEventImpl(Ljava/awt/AWTEvent;Ljava/lang/Object;)V+21 java.desktop@9.0.4
j  java.awt.EventQueue.access$500(Ljava/awt/EventQueue;Ljava/awt/AWTEvent;Ljava/lang/Object;)V+3 java.desktop@9.0.4
j  java.awt.EventQueue$3.run()Ljava/lang/Void;+32 java.desktop@9.0.4
j  java.awt.EventQueue$3.run()Ljava/lang/Object;+1 java.desktop@9.0.4
v  ~StubRoutines::call_stub
j  java.security.AccessController.doPrivileged(Ljava/security/PrivilegedAction;Ljava/security/AccessControlContext;)Ljava/lang/Object;+0 java.base@9.0.4
j  java.security.ProtectionDomain$JavaSecurityAccessImpl.doIntersectionPrivilege(Ljava/security/PrivilegedAction;Ljava/security/AccessControlContext;Ljava/security/AccessControlContext;)Ljava/lang/Object;+18 java.base@9.0.4
j  java.awt.EventQueue.dispatchEvent(Ljava/awt/AWTEvent;)V+46 java.desktop@9.0.4
j  java.awt.EventDispatchThread.pumpOneEventForFilters(I)V+183 java.desktop@9.0.4
j  java.awt.EventDispatchThread.pumpEventsForFilter(ILjava/awt/Conditional;Ljava/awt/EventFilter;)V+35 java.desktop@9.0.4
j  java.awt.EventDispatchThread.pumpEventsForHierarchy(ILjava/awt/Conditional;Ljava/awt/Component;)V+11 java.desktop@9.0.4
j  java.awt.EventDispatchThread.pumpEvents(ILjava/awt/Conditional;)V+4 java.desktop@9.0.4
j  java.awt.EventDispatchThread.pumpEvents(Ljava/awt/Conditional;)V+3 java.desktop@9.0.4
j  java.awt.EventDispatchThread.run()V+9 java.desktop@9.0.4
v  ~StubRoutines::call_stub

siginfo: EXCEPTION_ACCESS_VIOLATION (0xc0000005), reading address 0xffffffff8ca21ff4


Register to memory mapping:

RIP=0x000000007110b5db jSSC-2.8_x86_64.dll
RAX=0xffffffff8ca21ff4 is an unknown value
RBX=0x0000009e980fce20 is pointing into the stack for thread: 0x00000254b047f000
RCX=0x00007ff8f169c8d4 ntdll.dll
RDX=0x0000000000000000 is an unknown value
RSP=0x0000009e980fcdb0 is pointing into the stack for thread: 0x00000254b047f000
RBP=0x0000009e980fcf30 is pointing into the stack for thread: 0x00000254b047f000
RSI=0x00000254b047f218 is an unknown value
RDI=0x0000000000000600 is an unknown value
R8 =0x0000009e980fcca8 is pointing into the stack for thread: 0x00000254b047f000
R9 =0x0000009e980fcda0 is pointing into the stack for thread: 0x00000254b047f000
R10=0x0000000000000000 is an unknown value
R11=0x0000000000000246 is an unknown value
R12=0x0000009e980fcff0 is pointing into the stack for thread: 0x00000254b047f000
R13=0x00000254b04bfd50 is an unknown value
R14=0x0000009e980fcee0 is pointing into the stack for thread: 0x00000254b047f000
R15=0x00000254b047f000 is a thread


Registers:
RAX=0xffffffff8ca21ff4, RBX=0x0000009e980fce20, RCX=0x00007ff8f169c8d4, RDX=0x0000000000000000
RSP=0x0000009e980fcdb0, RBP=0x0000009e980fcf30, RSI=0x00000254b047f218, RDI=0x0000000000000600
R8 =0x0000009e980fcca8, R9 =0x0000009e980fcda0, R10=0x0000000000000000, R11=0x0000000000000246
R12=0x0000009e980fcff0, R13=0x00000254b04bfd50, R14=0x0000009e980fcee0, R15=0x00000254b047f000
RIP=0x000000007110b5db, EFLAGS=0x0000000000010202

Top of Stack: (sp=0x0000009e980fcdb0)
0x0000009e980fcdb0:   00000254b16c05e0 0000002df16406e1
0x0000009e980fcdc0:   000000007110b230 00000254b04bfa30
0x0000009e980fcdd0:   0000009e980fcf30 0000000000000004
0x0000009e980fcde0:   00000254b047f218 0000000000000600
0x0000009e980fcdf0:   0000009e980fcf30 0000000071112590
0x0000009e980fce00:   00000254b047f000 0000009e980fcee0
0x0000009e980fce10:   00000254b04bfd50 0000009e980fcff0
0x0000009e980fce20:   00000254b04bfd50 00007ff8f16406e1
0x0000009e980fce30:   0000009e980fce60 000002548c810000
0x0000009e980fce40:   0000009e980fcf30 0000000000000000
0x0000009e980fce50:   0000000071113500 0000000071113be8
0x0000009e980fce60:   0000009e980fce90 0000000071112641
0x0000009e980fce70:   0000009e980fce00 00000254b047f218
0x0000009e980fce80:   0000000000000000 0000000000000000
0x0000009e980fce90:   0000009e980fcf30 0000000071101595
0x0000009e980fcea0:   000000000000001c 00000254b047f218 

Instructions: (pc=0x000000007110b5db)
0x000000007110b5bb:   c5 0f 1f 40 00 55 57 56 53 48 83 ec 28 48 8b 05
0x000000007110b5cb:   39 33 01 00 48 89 cb 48 85 c0 0f 84 c5 00 00 00
0x000000007110b5db:   8b 38 85 ff 0f 88 ab 00 00 00 48 8b 05 1c 33 01
0x000000007110b5eb:   00 48 85 c0 0f 84 bc 00 00 00 8b 30 85 f6 74 57 



---------------  P R O C E S S  ---------------

Java Threads: ( => current thread )
  0x000002548c854000 JavaThread "DestroyJavaVM" [_thread_blocked, id=10500, stack(0x0000009e96500000,0x0000009e96600000)]
=>0x00000254b047f000 JavaThread "AWT-EventQueue-0" [_thread_in_native, id=9984, stack(0x0000009e98000000,0x0000009e98100000)]
  0x00000254b0473800 JavaThread "AWT-Windows" daemon [_thread_in_native, id=9488, stack(0x0000009e97f00000,0x0000009e98000000)]
  0x00000254b0470800 JavaThread "AWT-Shutdown" [_thread_blocked, id=8476, stack(0x0000009e97e00000,0x0000009e97f00000)]
  0x00000254b0470000 JavaThread "Java2D Disposer" daemon [_thread_blocked, id=788, stack(0x0000009e97d00000,0x0000009e97e00000)]
  0x00000254aff17000 JavaThread "Service Thread" daemon [_thread_blocked, id=10124, stack(0x0000009e97b00000,0x0000009e97c00000)]
  0x00000254afcd8800 JavaThread "Common-Cleaner" daemon [_thread_blocked, id=10012, stack(0x0000009e97a00000,0x0000009e97b00000)]
  0x00000254afc32000 JavaThread "Sweeper thread" daemon [_thread_blocked, id=10532, stack(0x0000009e97900000,0x0000009e97a00000)]
  0x00000254afc30800 JavaThread "C1 CompilerThread2" daemon [_thread_blocked, id=10328, stack(0x0000009e97800000,0x0000009e97900000)]
  0x00000254afc2c800 JavaThread "C2 CompilerThread1" daemon [_thread_blocked, id=6836, stack(0x0000009e97700000,0x0000009e97800000)]
  0x00000254afc27000 JavaThread "C2 CompilerThread0" daemon [_thread_blocked, id=2504, stack(0x0000009e97600000,0x0000009e97700000)]
  0x00000254afc25000 JavaThread "Attach Listener" daemon [_thread_blocked, id=5860, stack(0x0000009e97500000,0x0000009e97600000)]
  0x00000254afc24800 JavaThread "Signal Dispatcher" daemon [_thread_blocked, id=7988, stack(0x0000009e97400000,0x0000009e97500000)]
  0x00000254afbc6000 JavaThread "Finalizer" daemon [_thread_blocked, id=10476, stack(0x0000009e97300000,0x0000009e97400000)]
  0x00000254afbcf800 JavaThread "Reference Handler" daemon [_thread_blocked, id=10664, stack(0x0000009e97200000,0x0000009e97300000)]

Other Threads:
  0x00000254afbb4000 VMThread "VM Thread" [stack: 0x0000009e97100000,0x0000009e97200000] [id=848]
  0x00000254aff5e000 WatcherThread [stack: 0x0000009e97c00000,0x0000009e97d00000] [id=7116]
  0x000002548c86b000 GCTaskThread "GC Thread#0" [stack: 0x0000009e96600000,0x0000009e96700000] [id=10300]
  0x000002548c86c800 GCTaskThread "GC Thread#1" [stack: 0x0000009e96700000,0x0000009e96800000] [id=3236]
  0x000002548c86f000 GCTaskThread "GC Thread#2" [stack: 0x0000009e96800000,0x0000009e96900000] [id=10468]
  0x000002548c872000 GCTaskThread "GC Thread#3" [stack: 0x0000009e96900000,0x0000009e96a00000] [id=4012]
  0x000002548c8e8000 ConcurrentGCThread "G1 Main Marker" [stack: 0x0000009e96f00000,0x0000009e97000000] [id=10212]
  0x000002548c8ea000 ConcurrentGCThread "G1 Marker#0" [stack: 0x0000009e97000000,0x0000009e97100000] [id=9380]
  0x000002548c880800 ConcurrentGCThread "G1 Refine#0" [stack: 0x0000009e96d00000,0x0000009e96e00000] [id=9252]
  0x000002548c87f800 ConcurrentGCThread "G1 Refine#1" [stack: 0x0000009e96c00000,0x0000009e96d00000] [id=11032]
  0x000002548c87f000 ConcurrentGCThread "G1 Refine#2" [stack: 0x0000009e96b00000,0x0000009e96c00000] [id=3772]
  0x000002548c878000 ConcurrentGCThread "G1 Refine#3" [stack: 0x0000009e96a00000,0x0000009e96b00000] [id=7580]
  0x000002548c882000 ConcurrentGCThread "G1 Young RemSet Sampling" [stack: 0x0000009e96e00000,0x0000009e96f00000] [id=7304]

Threads with active compile tasks:

VM state:not at safepoint (normal execution)

VM Mutex/Monitor currently owned by a thread: None

Heap address: 0x0000000081600000, size: 2026 MB, Compressed Oops mode: 32-bit
Narrow klass base: 0x0000000000000000, Narrow klass shift: 3
Compressed class space size: 1073741824 Address: 0x0000000100000000

Heap:
 garbage-first heap   total 131072K, used 9229K [0x0000000081600000, 0x0000000081700400, 0x0000000100000000)
  region size 1024K, 7 young (7168K), 2 survivors (2048K)
 Metaspace       used 15042K, capacity 15898K, committed 16128K, reserved 1062912K
  class space    used 1556K, capacity 1716K, committed 1792K, reserved 1048576K
Heap Regions: E=young(eden), S=young(survivor), O=old, HS=humongous(starts), HC=humongous(continues), CS=collection set, F=free, A=archive, TS=gc time stamp, AC=allocation context, TAMS=top-at-mark-start (previous, next)
|   0|0x0000000081600000, 0x0000000081700000, 0x0000000081700000|100%|HS|  |TS  0|AC  0|TAMS 0x0000000081600000, 0x0000000081600000|
|   1|0x0000000081700000, 0x0000000081800000, 0x0000000081800000|100%| O|  |TS  1|AC  0|TAMS 0x0000000081700000, 0x0000000081700000|
|   2|0x0000000081800000, 0x0000000081900000, 0x0000000081900000|100%| O|  |TS  1|AC  0|TAMS 0x0000000081800000, 0x0000000081800000|
|   3|0x0000000081900000, 0x0000000081903600, 0x0000000081a00000|  1%| O|  |TS  1|AC  0|TAMS 0x0000000081900000, 0x0000000081900000|
|   4|0x0000000081a00000, 0x0000000081a00000, 0x0000000081b00000|  0%| F|  |TS  0|AC  0|TAMS 0x0000000081a00000, 0x0000000081a00000|
|   5|0x0000000081b00000, 0x0000000081b00000, 0x0000000081c00000|  0%| F|  |TS  0|AC  0|TAMS 0x0000000081b00000, 0x0000000081b00000|
|   6|0x0000000081c00000, 0x0000000081c00000, 0x0000000081d00000|  0%| F|  |TS  0|AC  0|TAMS 0x0000000081c00000, 0x0000000081c00000|
|   7|0x0000000081d00000, 0x0000000081d00000, 0x0000000081e00000|  0%| F|  |TS  0|AC  0|TAMS 0x0000000081d00000, 0x0000000081d00000|
|   8|0x0000000081e00000, 0x0000000081e00000, 0x0000000081f00000|  0%| F|  |TS  0|AC  0|TAMS 0x0000000081e00000, 0x0000000081e00000|
|   9|0x0000000081f00000, 0x0000000081f00000, 0x0000000082000000|  0%| F|  |TS  0|AC  0|TAMS 0x0000000081f00000, 0x0000000081f00000|
|  10|0x0000000082000000, 0x0000000082000000, 0x0000000082100000|  0%| F|  |TS  0|AC  0|TAMS 0x0000000082000000, 0x0000000082000000|
|  11|0x0000000082100000, 0x0000000082100000, 0x0000000082200000|  0%| F|  |TS  0|AC  0|TAMS 0x0000000082100000, 0x0000000082100000|
|  12|0x0000000082200000, 0x0000000082200000, 0x0000000082300000|  0%| F|  |TS  0|AC  0|TAMS 0x0000000082200000, 0x0000000082200000|
|  13|0x0000000082300000, 0x0000000082300000, 0x0000000082400000|  0%| F|  |TS  0|AC  0|TAMS 0x0000000082300000, 0x0000000082300000|
|  14|0x0000000082400000, 0x0000000082400000, 0x0000000082500000|  0%| F|  |TS  0|AC  0|TAMS 0x0000000082400000, 0x0000000082400000|
|  15|0x0000000082500000, 0x0000000082500000, 0x0000000082600000|  0%| F|  |TS  0|AC  0|TAMS 0x0000000082500000, 0x0000000082500000|
|  16|0x0000000082600000, 0x0000000082600000, 0x0000000082700000|  0%| F|  |TS  0|AC  0|TAMS 0x0000000082600000, 0x0000000082600000|
|  17|0x0000000082700000, 0x0000000082700000, 0x0000000082800000|  0%| F|  |TS  0|AC  0|TAMS 0x0000000082700000, 0x0000000082700000|
|  18|0x0000000082800000, 0x0000000082800000, 0x0000000082900000|  0%| F|  |TS  0|AC  0|TAMS 0x0000000082800000, 0x0000000082800000|
|  19|0x0000000082900000, 0x0000000082900000, 0x0000000082a00000|  0%| F|  |TS  0|AC  0|TAMS 0x0000000082900000, 0x0000000082900000|
|  20|0x0000000082a00000, 0x0000000082a00000, 0x0000000082b00000|  0%| F|  |TS  0|AC  0|TAMS 0x0000000082a00000, 0x0000000082a00000|
|  21|0x0000000082b00000, 0x0000000082b00000, 0x0000000082c00000|  0%| F|  |TS  0|AC  0|TAMS 0x0000000082b00000, 0x0000000082b00000|
|  22|0x0000000082c00000, 0x0000000082c00000, 0x0000000082d00000|  0%| F|  |TS  0|AC  0|TAMS 0x0000000082c00000, 0x0000000082c00000|
|  23|0x0000000082d00000, 0x0000000082d00000, 0x0000000082e00000|  0%| F|  |TS  0|AC  0|TAMS 0x0000000082d00000, 0x0000000082d00000|
|  24|0x0000000082e00000, 0x0000000082e00000, 0x0000000082f00000|  0%| F|  |TS  0|AC  0|TAMS 0x0000000082e00000, 0x0000000082e00000|
|  25|0x0000000082f00000, 0x0000000082f00000, 0x0000000083000000|  0%| F|  |TS  0|AC  0|TAMS 0x0000000082f00000, 0x0000000082f00000|
|  26|0x0000000083000000, 0x0000000083000000, 0x0000000083100000|  0%| F|  |TS  0|AC  0|TAMS 0x0000000083000000, 0x0000000083000000|
|  27|0x0000000083100000, 0x0000000083100000, 0x0000000083200000|  0%| F|  |TS  0|AC  0|TAMS 0x0000000083100000, 0x0000000083100000|
|  28|0x0000000083200000, 0x0000000083200000, 0x0000000083300000|  0%| F|  |TS  0|AC  0|TAMS 0x0000000083200000, 0x0000000083200000|
|  29|0x0000000083300000, 0x0000000083300000, 0x0000000083400000|  0%| F|  |TS  0|AC  0|TAMS 0x0000000083300000, 0x0000000083300000|
|  30|0x0000000083400000, 0x0000000083400000, 0x0000000083500000|  0%| F|  |TS  0|AC  0|TAMS 0x0000000083400000, 0x0000000083400000|
|  31|0x0000000083500000, 0x0000000083500000, 0x0000000083600000|  0%| F|  |TS  0|AC  0|TAMS 0x0000000083500000, 0x0000000083500000|
|  32|0x0000000083600000, 0x0000000083600000, 0x0000000083700000|  0%| F|  |TS  0|AC  0|TAMS 0x0000000083600000, 0x0000000083600000|
|  33|0x0000000083700000, 0x0000000083700000, 0x0000000083800000|  0%| F|  |TS  0|AC  0|TAMS 0x0000000083700000, 0x0000000083700000|
|  34|0x0000000083800000, 0x0000000083800000, 0x0000000083900000|  0%| F|  |TS  0|AC  0|TAMS 0x0000000083800000, 0x0000000083800000|
|  35|0x0000000083900000, 0x0000000083900000, 0x0000000083a00000|  0%| F|  |TS  0|AC  0|TAMS 0x0000000083900000, 0x0000000083900000|
|  36|0x0000000083a00000, 0x0000000083a00000, 0x0000000083b00000|  0%| F|  |TS  0|AC  0|TAMS 0x0000000083a00000, 0x0000000083a00000|
|  37|0x0000000083b00000, 0x0000000083b00000, 0x0000000083c00000|  0%| F|  |TS  0|AC  0|TAMS 0x0000000083b00000, 0x0000000083b00000|
|  38|0x0000000083c00000, 0x0000000083c00000, 0x0000000083d00000|  0%| F|  |TS  0|AC  0|TAMS 0x0000000083c00000, 0x0000000083c00000|
|  39|0x0000000083d00000, 0x0000000083d00000, 0x0000000083e00000|  0%| F|  |TS  0|AC  0|TAMS 0x0000000083d00000, 0x0000000083d00000|
|  40|0x0000000083e00000, 0x0000000083e00000, 0x0000000083f00000|  0%| F|  |TS  0|AC  0|TAMS 0x0000000083e00000, 0x0000000083e00000|
|  41|0x0000000083f00000, 0x0000000083f00000, 0x0000000084000000|  0%| F|  |TS  0|AC  0|TAMS 0x0000000083f00000, 0x0000000083f00000|
|  42|0x0000000084000000, 0x0000000084000000, 0x0000000084100000|  0%| F|  |TS  0|AC  0|TAMS 0x0000000084000000, 0x0000000084000000|
|  43|0x0000000084100000, 0x0000000084100000, 0x0000000084200000|  0%| F|  |TS  0|AC  0|TAMS 0x0000000084100000, 0x0000000084100000|
|  44|0x0000000084200000, 0x0000000084200000, 0x0000000084300000|  0%| F|  |TS  0|AC  0|TAMS 0x0000000084200000, 0x0000000084200000|
|  45|0x0000000084300000, 0x0000000084300000, 0x0000000084400000|  0%| F|  |TS  0|AC  0|TAMS 0x0000000084300000, 0x0000000084300000|
|  46|0x0000000084400000, 0x0000000084400000, 0x0000000084500000|  0%| F|  |TS  0|AC  0|TAMS 0x0000000084400000, 0x0000000084400000|
|  47|0x0000000084500000, 0x0000000084500000, 0x0000000084600000|  0%| F|  |TS  0|AC  0|TAMS 0x0000000084500000, 0x0000000084500000|
|  48|0x0000000084600000, 0x0000000084600000, 0x0000000084700000|  0%| F|  |TS  0|AC  0|TAMS 0x0000000084600000, 0x0000000084600000|
|  49|0x0000000084700000, 0x0000000084700000, 0x0000000084800000|  0%| F|  |TS  0|AC  0|TAMS 0x0000000084700000, 0x0000000084700000|
|  50|0x0000000084800000, 0x0000000084800000, 0x0000000084900000|  0%| F|  |TS  0|AC  0|TAMS 0x0000000084800000, 0x0000000084800000|
|  51|0x0000000084900000, 0x0000000084900000, 0x0000000084a00000|  0%| F|  |TS  0|AC  0|TAMS 0x0000000084900000, 0x0000000084900000|
|  52|0x0000000084a00000, 0x0000000084a00000, 0x0000000084b00000|  0%| F|  |TS  0|AC  0|TAMS 0x0000000084a00000, 0x0000000084a00000|
|  53|0x0000000084b00000, 0x0000000084b00000, 0x0000000084c00000|  0%| F|  |TS  0|AC  0|TAMS 0x0000000084b00000, 0x0000000084b00000|
|  54|0x0000000084c00000, 0x0000000084c00000, 0x0000000084d00000|  0%| F|  |TS  0|AC  0|TAMS 0x0000000084c00000, 0x0000000084c00000|
|  55|0x0000000084d00000, 0x0000000084d00000, 0x0000000084e00000|  0%| F|  |TS  0|AC  0|TAMS 0x0000000084d00000, 0x0000000084d00000|
|  56|0x0000000084e00000, 0x0000000084e00000, 0x0000000084f00000|  0%| F|  |TS  0|AC  0|TAMS 0x0000000084e00000, 0x0000000084e00000|
|  57|0x0000000084f00000, 0x0000000084f00000, 0x0000000085000000|  0%| F|  |TS  0|AC  0|TAMS 0x0000000084f00000, 0x0000000084f00000|
|  58|0x0000000085000000, 0x0000000085000000, 0x0000000085100000|  0%| F|  |TS  0|AC  0|TAMS 0x0000000085000000, 0x0000000085000000|
|  59|0x0000000085100000, 0x0000000085100000, 0x0000000085200000|  0%| F|  |TS  0|AC  0|TAMS 0x0000000085100000, 0x0000000085100000|
|  60|0x0000000085200000, 0x0000000085200000, 0x0000000085300000|  0%| F|  |TS  0|AC  0|TAMS 0x0000000085200000, 0x0000000085200000|
|  61|0x0000000085300000, 0x0000000085300000, 0x0000000085400000|  0%| F|  |TS  0|AC  0|TAMS 0x0000000085300000, 0x0000000085300000|
|  62|0x0000000085400000, 0x0000000085400000, 0x0000000085500000|  0%| F|  |TS  0|AC  0|TAMS 0x0000000085400000, 0x0000000085400000|
|  63|0x0000000085500000, 0x0000000085500000, 0x0000000085600000|  0%| F|  |TS  0|AC  0|TAMS 0x0000000085500000, 0x0000000085500000|
|  64|0x0000000085600000, 0x0000000085600000, 0x0000000085700000|  0%| F|  |TS  0|AC  0|TAMS 0x0000000085600000, 0x0000000085600000|
|  65|0x0000000085700000, 0x0000000085700000, 0x0000000085800000|  0%| F|  |TS  0|AC  0|TAMS 0x0000000085700000, 0x0000000085700000|
|  66|0x0000000085800000, 0x0000000085800000, 0x0000000085900000|  0%| F|  |TS  0|AC  0|TAMS 0x0000000085800000, 0x0000000085800000|
|  67|0x0000000085900000, 0x0000000085900000, 0x0000000085a00000|  0%| F|  |TS  0|AC  0|TAMS 0x0000000085900000, 0x0000000085900000|
|  68|0x0000000085a00000, 0x0000000085a00000, 0x0000000085b00000|  0%| F|  |TS  0|AC  0|TAMS 0x0000000085a00000, 0x0000000085a00000|
|  69|0x0000000085b00000, 0x0000000085b00000, 0x0000000085c00000|  0%| F|  |TS  0|AC  0|TAMS 0x0000000085b00000, 0x0000000085b00000|
|  70|0x0000000085c00000, 0x0000000085c00000, 0x0000000085d00000|  0%| F|  |TS  0|AC  0|TAMS 0x0000000085c00000, 0x0000000085c00000|
|  71|0x0000000085d00000, 0x0000000085d00000, 0x0000000085e00000|  0%| F|  |TS  0|AC  0|TAMS 0x0000000085d00000, 0x0000000085d00000|
|  72|0x0000000085e00000, 0x0000000085e00000, 0x0000000085f00000|  0%| F|  |TS  0|AC  0|TAMS 0x0000000085e00000, 0x0000000085e00000|
|  73|0x0000000085f00000, 0x0000000085f00000, 0x0000000086000000|  0%| F|  |TS  0|AC  0|TAMS 0x0000000085f00000, 0x0000000085f00000|
|  74|0x0000000086000000, 0x0000000086000000, 0x0000000086100000|  0%| F|  |TS  0|AC  0|TAMS 0x0000000086000000, 0x0000000086000000|
|  75|0x0000000086100000, 0x0000000086100000, 0x0000000086200000|  0%| F|  |TS  0|AC  0|TAMS 0x0000000086100000, 0x0000000086100000|
|  76|0x0000000086200000, 0x0000000086200000, 0x0000000086300000|  0%| F|  |TS  0|AC  0|TAMS 0x0000000086200000, 0x0000000086200000|
|  77|0x0000000086300000, 0x0000000086300000, 0x0000000086400000|  0%| F|  |TS  0|AC  0|TAMS 0x0000000086300000, 0x0000000086300000|
|  78|0x0000000086400000, 0x0000000086400000, 0x0000000086500000|  0%| F|  |TS  0|AC  0|TAMS 0x0000000086400000, 0x0000000086400000|
|  79|0x0000000086500000, 0x0000000086500000, 0x0000000086600000|  0%| F|  |TS  0|AC  0|TAMS 0x0000000086500000, 0x0000000086500000|
|  80|0x0000000086600000, 0x0000000086600000, 0x0000000086700000|  0%| F|  |TS  0|AC  0|TAMS 0x0000000086600000, 0x0000000086600000|
|  81|0x0000000086700000, 0x0000000086700000, 0x0000000086800000|  0%| F|  |TS  0|AC  0|TAMS 0x0000000086700000, 0x0000000086700000|
|  82|0x0000000086800000, 0x0000000086800000, 0x0000000086900000|  0%| F|  |TS  0|AC  0|TAMS 0x0000000086800000, 0x0000000086800000|
|  83|0x0000000086900000, 0x0000000086900000, 0x0000000086a00000|  0%| F|  |TS  0|AC  0|TAMS 0x0000000086900000, 0x0000000086900000|
|  84|0x0000000086a00000, 0x0000000086a00000, 0x0000000086b00000|  0%| F|  |TS  0|AC  0|TAMS 0x0000000086a00000, 0x0000000086a00000|
|  85|0x0000000086b00000, 0x0000000086b00000, 0x0000000086c00000|  0%| F|  |TS  0|AC  0|TAMS 0x0000000086b00000, 0x0000000086b00000|
|  86|0x0000000086c00000, 0x0000000086c00000, 0x0000000086d00000|  0%| F|  |TS  0|AC  0|TAMS 0x0000000086c00000, 0x0000000086c00000|
|  87|0x0000000086d00000, 0x0000000086d00000, 0x0000000086e00000|  0%| F|  |TS  0|AC  0|TAMS 0x0000000086d00000, 0x0000000086d00000|
|  88|0x0000000086e00000, 0x0000000086e00000, 0x0000000086f00000|  0%| F|  |TS  0|AC  0|TAMS 0x0000000086e00000, 0x0000000086e00000|
|  89|0x0000000086f00000, 0x0000000086f00000, 0x0000000087000000|  0%| F|  |TS  0|AC  0|TAMS 0x0000000086f00000, 0x0000000086f00000|
|  90|0x0000000087000000, 0x0000000087000000, 0x0000000087100000|  0%| F|  |TS  0|AC  0|TAMS 0x0000000087000000, 0x0000000087000000|
|  91|0x0000000087100000, 0x0000000087100000, 0x0000000087200000|  0%| F|  |TS  0|AC  0|TAMS 0x0000000087100000, 0x0000000087100000|
|  92|0x0000000087200000, 0x0000000087200000, 0x0000000087300000|  0%| F|  |TS  0|AC  0|TAMS 0x0000000087200000, 0x0000000087200000|
|  93|0x0000000087300000, 0x0000000087300000, 0x0000000087400000|  0%| F|  |TS  0|AC  0|TAMS 0x0000000087300000, 0x0000000087300000|
|  94|0x0000000087400000, 0x0000000087400000, 0x0000000087500000|  0%| F|  |TS  0|AC  0|TAMS 0x0000000087400000, 0x0000000087400000|
|  95|0x0000000087500000, 0x0000000087500000, 0x0000000087600000|  0%| F|  |TS  0|AC  0|TAMS 0x0000000087500000, 0x0000000087500000|
|  96|0x0000000087600000, 0x0000000087600000, 0x0000000087700000|  0%| F|  |TS  0|AC  0|TAMS 0x0000000087600000, 0x0000000087600000|
|  97|0x0000000087700000, 0x0000000087700000, 0x0000000087800000|  0%| F|  |TS  0|AC  0|TAMS 0x0000000087700000, 0x0000000087700000|
|  98|0x0000000087800000, 0x0000000087800000, 0x0000000087900000|  0%| F|  |TS  0|AC  0|TAMS 0x0000000087800000, 0x0000000087800000|
|  99|0x0000000087900000, 0x0000000087900000, 0x0000000087a00000|  0%| F|  |TS  0|AC  0|TAMS 0x0000000087900000, 0x0000000087900000|
| 100|0x0000000087a00000, 0x0000000087a00000, 0x0000000087b00000|  0%| F|  |TS  0|AC  0|TAMS 0x0000000087a00000, 0x0000000087a00000|
| 101|0x0000000087b00000, 0x0000000087b00000, 0x0000000087c00000|  0%| F|  |TS  0|AC  0|TAMS 0x0000000087b00000, 0x0000000087b00000|
| 102|0x0000000087c00000, 0x0000000087c00000, 0x0000000087d00000|  0%| F|  |TS  0|AC  0|TAMS 0x0000000087c00000, 0x0000000087c00000|
| 103|0x0000000087d00000, 0x0000000087d00000, 0x0000000087e00000|  0%| F|  |TS  0|AC  0|TAMS 0x0000000087d00000, 0x0000000087d00000|
| 104|0x0000000087e00000, 0x0000000087e00000, 0x0000000087f00000|  0%| F|  |TS  0|AC  0|TAMS 0x0000000087e00000, 0x0000000087e00000|
| 105|0x0000000087f00000, 0x0000000087f00000, 0x0000000088000000|  0%| F|  |TS  0|AC  0|TAMS 0x0000000087f00000, 0x0000000087f00000|
| 106|0x0000000088000000, 0x0000000088000000, 0x0000000088100000|  0%| F|  |TS  0|AC  0|TAMS 0x0000000088000000, 0x0000000088000000|
| 107|0x0000000088100000, 0x0000000088100000, 0x0000000088200000|  0%| F|  |TS  0|AC  0|TAMS 0x0000000088100000, 0x0000000088100000|
| 108|0x0000000088200000, 0x0000000088200000, 0x0000000088300000|  0%| F|  |TS  0|AC  0|TAMS 0x0000000088200000, 0x0000000088200000|
| 109|0x0000000088300000, 0x0000000088300000, 0x0000000088400000|  0%| F|  |TS  0|AC  0|TAMS 0x0000000088300000, 0x0000000088300000|
| 110|0x0000000088400000, 0x0000000088400000, 0x0000000088500000|  0%| F|  |TS  0|AC  0|TAMS 0x0000000088400000, 0x0000000088400000|
| 111|0x0000000088500000, 0x0000000088500000, 0x0000000088600000|  0%| F|  |TS  0|AC  0|TAMS 0x0000000088500000, 0x0000000088500000|
| 112|0x0000000088600000, 0x0000000088700000, 0x0000000088700000|100%| S|CS|TS  1|AC  0|TAMS 0x0000000088600000, 0x0000000088600000|
| 113|0x0000000088700000, 0x0000000088800000, 0x0000000088800000|100%| S|CS|TS  1|AC  0|TAMS 0x0000000088700000, 0x0000000088700000|
| 114|0x0000000088800000, 0x0000000088800000, 0x0000000088900000|  0%| F|  |TS  1|AC  0|TAMS 0x0000000088800000, 0x0000000088800000|
| 115|0x0000000088900000, 0x0000000088900000, 0x0000000088a00000|  0%| F|  |TS  1|AC  0|TAMS 0x0000000088900000, 0x0000000088900000|
| 116|0x0000000088a00000, 0x0000000088a00000, 0x0000000088b00000|  0%| F|  |TS  1|AC  0|TAMS 0x0000000088a00000, 0x0000000088a00000|
| 117|0x0000000088b00000, 0x0000000088b00000, 0x0000000088c00000|  0%| F|  |TS  1|AC  0|TAMS 0x0000000088b00000, 0x0000000088b00000|
| 118|0x0000000088c00000, 0x0000000088c00000, 0x0000000088d00000|  0%| F|  |TS  1|AC  0|TAMS 0x0000000088c00000, 0x0000000088c00000|
| 119|0x0000000088d00000, 0x0000000088d00000, 0x0000000088e00000|  0%| F|  |TS  1|AC  0|TAMS 0x0000000088d00000, 0x0000000088d00000|
| 120|0x0000000088e00000, 0x0000000088e00000, 0x0000000088f00000|  0%| F|  |TS  1|AC  0|TAMS 0x0000000088e00000, 0x0000000088e00000|
| 121|0x0000000088f00000, 0x0000000088f00000, 0x0000000089000000|  0%| F|  |TS  1|AC  0|TAMS 0x0000000088f00000, 0x0000000088f00000|
| 122|0x0000000089000000, 0x0000000089000000, 0x0000000089100000|  0%| F|  |TS  1|AC  0|TAMS 0x0000000089000000, 0x0000000089000000|
| 123|0x0000000089100000, 0x0000000089180800, 0x0000000089200000| 50%| E|  |TS  1|AC  0|TAMS 0x0000000089100000, 0x0000000089100000|
| 124|0x0000000089200000, 0x0000000089300000, 0x0000000089300000|100%| E|CS|TS  1|AC  0|TAMS 0x0000000089200000, 0x0000000089200000|
| 125|0x0000000089300000, 0x0000000089400000, 0x0000000089400000|100%| E|CS|TS  1|AC  0|TAMS 0x0000000089300000, 0x0000000089300000|
| 126|0x0000000089400000, 0x0000000089500000, 0x0000000089500000|100%| E|CS|TS  1|AC  0|TAMS 0x0000000089400000, 0x0000000089400000|
| 127|0x0000000089500000, 0x0000000089600000, 0x0000000089600000|100%| E|CS|TS  1|AC  0|TAMS 0x0000000089500000, 0x0000000089500000|

Card table byte_map: [0x00000254a8640000,0x00000254a8a40000] byte_map_base: 0x00000254a8235000

Marking Bits (Prev, Next): (CMBitMap*) 0x000002548c8e74b0, (CMBitMap*) 0x000002548c8e74e8
 Prev Bits: [0x00000254a8e40000, 0x00000254aade8000)
 Next Bits: [0x00000254aadf0000, 0x00000254acd98000)

Polling page: 0x000002548c930000

CodeHeap 'non-profiled nmethods': size=120064Kb used=409Kb max_used=409Kb free=119654Kb
 bounds [0x00000254a02e0000, 0x00000254a0550000, 0x00000254a7820000]
CodeHeap 'profiled nmethods': size=120000Kb used=1998Kb max_used=1998Kb free=118001Kb
 bounds [0x0000025498db0000, 0x0000025499020000, 0x00000254a02e0000]
CodeHeap 'non-nmethods': size=5696Kb used=1331Kb max_used=1343Kb free=4364Kb
 bounds [0x0000025498820000, 0x0000025498a90000, 0x0000025498db0000]
 total_blobs=1874 nmethods=1093 adapters=456
 compilation: enabled

Compilation events (10 events):
Event: 0.867 Thread 0x00000254afc30800 1088       3       java.util.zip.ZipUtils::CENSIZ (9 bytes)
Event: 0.867 Thread 0x00000254afc30800 nmethod 1088 0x0000025498f9f510 code [0x0000025498f9f6e0, 0x0000025498f9f9f8]
Event: 0.867 Thread 0x00000254afc30800 1089       3       java.lang.ref.Reference::reachabilityFence (1 bytes)
Event: 0.867 Thread 0x00000254afc30800 nmethod 1089 0x0000025498f9fb90 code [0x0000025498f9fd40, 0x0000025498f9fe78]
Event: 0.867 Thread 0x00000254afc30800 1090   !   3       java.util.zip.ZipFile$ZipFileInputStream::close (53 bytes)
Event: 0.867 Thread 0x00000254afc30800 nmethod 1090 0x0000025498f9ff10 code [0x0000025498fa00e0, 0x0000025498fa0550]
Event: 0.867 Thread 0x00000254afc30800 1091       3       java.util.WeakHashMap::remove (133 bytes)
Event: 0.868 Thread 0x00000254afc30800 nmethod 1091 0x0000025498fa0710 code [0x0000025498fa0960, 0x0000025498fa14f0]
Event: 0.869 Thread 0x00000254afc30800 1092       3       java.io.WinNTFileSystem::prefixLength (91 bytes)
Event: 0.870 Thread 0x00000254afc30800 nmethod 1092 0x0000025498fa1910 code [0x0000025498fa1c20, 0x0000025498fa31c0]

GC Heap History (2 events):
Event: 0.787 GC heap before
{Heap before GC invocations=0 (full 0):
 garbage-first heap   total 131072K, used 15360K [0x0000000081600000, 0x0000000081700400, 0x0000000100000000)
  region size 1024K, 14 young (14336K), 0 survivors (0K)
 Metaspace       used 13447K, capacity 14356K, committed 14720K, reserved 1062912K
  class space    used 1391K, capacity 1587K, committed 1664K, reserved 1048576K
}
Event: 0.796 GC heap after
{Heap after GC invocations=1 (full 0):
 garbage-first heap   total 131072K, used 5133K [0x0000000081600000, 0x0000000081700400, 0x0000000100000000)
  region size 1024K, 2 young (2048K), 2 survivors (2048K)
 Metaspace       used 13447K, capacity 14356K, committed 14720K, reserved 1062912K
  class space    used 1391K, capacity 1587K, committed 1664K, reserved 1048576K
}

Deoptimization events (5 events):
Event: 0.131 Thread 0x000002548c854000 Uncommon trap: reason=unstable_if action=reinterpret pc=0x00000254a02e3798 method=java.lang.String.charAt(I)C @ 4 c2
Event: 0.714 Thread 0x00000254b047f000 Uncommon trap: reason=bimorphic_or_optimized_type_check action=maybe_recompile pc=0x00000254a0322b64 method=java.util.HashMap.getNode(ILjava/lang/Object;)Ljava/util/HashMap$Node; @ 59 c2
Event: 0.728 Thread 0x00000254b047f000 Uncommon trap: reason=bimorphic_or_optimized_type_check action=maybe_recompile pc=0x00000254a032029c method=java.util.concurrent.ConcurrentHashMap.get(Ljava/lang/Object;)Ljava/lang/Object; @ 149 c2
Event: 0.758 Thread 0x00000254b047f000 Uncommon trap: reason=bimorphic_or_optimized_type_check action=maybe_recompile pc=0x00000254a0322b64 method=java.util.HashMap.getNode(ILjava/lang/Object;)Ljava/util/HashMap$Node; @ 59 c2
Event: 0.849 Thread 0x00000254b047f000 Uncommon trap: reason=unstable_if action=reinterpret pc=0x00000254a033501c method=java.lang.ref.ReferenceQueue.poll()Ljava/lang/ref/Reference; @ 4 c2

Classes redefined (0 events):
No events

Internal exceptions (10 events):
Event: 0.447 Thread 0x00000254b047f000 Exception <a 'java/lang/NoSuchMethodError'{0x0000000088e3c960}: method resolution failed> (0x0000000088e3c960) thrown at [t:/workspace/hotspot/src/share/vm/prims/methodHandles.cpp, line 1256]
Event: 0.448 Thread 0x00000254b047f000 Exception <a 'java/lang/NoSuchMethodError'{0x0000000088e43ed0}: java.lang.invoke.DirectMethodHandle$Holder.invokeStatic(Ljava/lang/Object;ILjava/lang/Object;Ljava/lang/Object;Ljava/lang/Object;)Ljava/lang/Object;> (0x0000000088e43ed0) thrown at [t:/worksp
Event: 0.448 Thread 0x00000254b047f000 Exception <a 'java/lang/NoSuchMethodError'{0x0000000088e47bc8}: method resolution failed> (0x0000000088e47bc8) thrown at [t:/workspace/hotspot/src/share/vm/prims/methodHandles.cpp, line 1256]
Event: 0.480 Thread 0x00000254b047f000 Exception <a 'java/lang/ClassNotFoundException'{0x0000000088d059c8}: com/sun/swing/internal/plaf/metal/resources/spi/metalProvider> (0x0000000088d059c8) thrown at [t:/workspace/hotspot/src/share/vm/classfile/systemDictionary.cpp, line 218]
Event: 0.483 Thread 0x00000254b047f000 Exception <a 'java/lang/ClassNotFoundException'{0x0000000088d0a620}: com/sun/swing/internal/plaf/basic/resources/spi/basicProvider> (0x0000000088d0a620) thrown at [t:/workspace/hotspot/src/share/vm/classfile/systemDictionary.cpp, line 218]
Event: 0.634 Thread 0x00000254b047f000 Exception <a 'java/lang/NoSuchMethodError'{0x0000000088cd5800}: java.lang.invoke.DirectMethodHandle$Holder.invokeStatic(Ljava/lang/Object;Ljava/lang/Object;Ljava/lang/Object;Ljava/lang/Object;Ljava/lang/Object;Ljava/lang/Object;Ljava/lang/Object;Ljava/lan
Event: 0.637 Thread 0x00000254b047f000 Exception <a 'java/lang/NoSuchMethodError'{0x0000000088cf43d0}: java.lang.invoke.DirectMethodHandle$Holder.invokeStatic(Ljava/lang/Object;Ljava/lang/Object;Ljava/lang/Object;Ljava/lang/Object;Ljava/lang/Object;Ljava/lang/Object;Ljava/lang/Object;Ljava/lan
Event: 0.640 Thread 0x00000254b047f000 Exception <a 'java/lang/NoSuchMethodError'{0x0000000088b14180}: java.lang.invoke.DirectMethodHandle$Holder.invokeStatic(Ljava/lang/Object;Ljava/lang/Object;Ljava/lang/Object;Ljava/lang/Object;Ljava/lang/Object;Ljava/lang/Object;Ljava/lang/Object;Ljava/lan
Event: 0.705 Thread 0x00000254b047f000 Exception <a 'java/lang/NoSuchMethodError'{0x0000000088a815e8}: java.lang.invoke.DirectMethodHandle$Holder.invokeInterface(Ljava/lang/Object;Ljava/lang/Object;)Ljava/lang/Object;> (0x0000000088a815e8) thrown at [t:/workspace/hotspot/src/share/vm/interpret
Event: 0.707 Thread 0x00000254b047f000 Exception <a 'java/lang/NoSuchMethodError'{0x0000000088a8d8b0}: java.lang.invoke.DirectMethodHandle$Holder.invokeInterface(Ljava/lang/Object;Ljava/lang/Object;Ljava/lang/Object;)I> (0x0000000088a8d8b0) thrown at [t:/workspace/hotspot/src/share/vm/interpre

Events (10 events):
Event: 0.868 loading class jssc/SerialPort$EventThread
Event: 0.868 loading class jssc/SerialPort$EventThread done
Event: 0.868 loading class jssc/SerialPort$LinuxEventThread
Event: 0.868 loading class jssc/SerialPort$LinuxEventThread done
Event: 0.868 loading class java/lang/InterruptedException
Event: 0.869 loading class java/lang/InterruptedException done
Event: 0.869 loading class jssc/SerialPortTimeoutException
Event: 0.869 loading class jssc/SerialPortTimeoutException done
Event: 0.869 loading class jssc/SerialNativeInterface
Event: 0.869 loading class jssc/SerialNativeInterface done


Dynamic libraries:
0x00007ff771dd0000 - 0x00007ff771e0e000 	C:\Program Files\Java\jdk-9.0.4\bin\java.exe
0x00007ff8f1600000 - 0x00007ff8f17f0000 	C:\WINDOWS\SYSTEM32\ntdll.dll
0x00007ff8f1060000 - 0x00007ff8f1112000 	C:\WINDOWS\System32\KERNEL32.DLL
0x00007ff8eef70000 - 0x00007ff8ef215000 	C:\WINDOWS\System32\KERNELBASE.dll
0x00007ff8ef6b0000 - 0x00007ff8ef753000 	C:\WINDOWS\System32\ADVAPI32.dll
0x00007ff8f02e0000 - 0x00007ff8f037e000 	C:\WINDOWS\System32\msvcrt.dll
0x00007ff8f0c90000 - 0x00007ff8f0d27000 	C:\WINDOWS\System32\sechost.dll
0x00007ff8f0d30000 - 0x00007ff8f0e50000 	C:\WINDOWS\System32\RPCRT4.dll
0x00007ff8f0e60000 - 0x00007ff8f0ff4000 	C:\WINDOWS\System32\USER32.dll
0x00007ff8eef40000 - 0x00007ff8eef61000 	C:\WINDOWS\System32\win32u.dll
0x00007ff8ef760000 - 0x00007ff8ef786000 	C:\WINDOWS\System32\GDI32.dll
0x00007ff8ef240000 - 0x00007ff8ef3d6000 	C:\WINDOWS\System32\gdi32full.dll
0x00007ff8ef430000 - 0x00007ff8ef4ce000 	C:\WINDOWS\System32\msvcp_win.dll
0x00007ff8eed90000 - 0x00007ff8eee8a000 	C:\WINDOWS\System32\ucrtbase.dll
0x00007ff8e1560000 - 0x00007ff8e17e4000 	C:\WINDOWS\WinSxS\amd64_microsoft.windows.common-controls_6595b64144ccf1df_6.0.18362.1256_none_9e7e379be45e40e2\COMCTL32.dll
0x00007ff8e1b40000 - 0x00007ff8e1b4a000 	C:\WINDOWS\SYSTEM32\VERSION.dll
0x00007ff8f0470000 - 0x00007ff8f07a6000 	C:\WINDOWS\System32\combase.dll
0x00007ff8ef4d0000 - 0x00007ff8ef551000 	C:\WINDOWS\System32\bcryptPrimitives.dll
0x00007ff8f1590000 - 0x00007ff8f15be000 	C:\WINDOWS\System32\IMM32.DLL
0x00007ff8d6b40000 - 0x00007ff8d6c2f000 	C:\Program Files\Java\jdk-9.0.4\bin\msvcr120.dll
0x00007ff8cc8d0000 - 0x00007ff8cc976000 	C:\Program Files\Java\jdk-9.0.4\bin\msvcp120.dll
0x000000005d3e0000 - 0x000000005de05000 	C:\Program Files\Java\jdk-9.0.4\bin\server\jvm.dll
0x00007ff8f02d0000 - 0x00007ff8f02d8000 	C:\WINDOWS\System32\PSAPI.DLL
0x00007ff8ec520000 - 0x00007ff8ec529000 	C:\WINDOWS\SYSTEM32\WSOCK32.dll
0x00007ff8ec090000 - 0x00007ff8ec0b4000 	C:\WINDOWS\SYSTEM32\WINMM.dll
0x00007ff8f07b0000 - 0x00007ff8f081f000 	C:\WINDOWS\System32\WS2_32.dll
0x00007ff8ebf60000 - 0x00007ff8ebf8d000 	C:\WINDOWS\SYSTEM32\winmmbase.dll
0x00007ff8ef3e0000 - 0x00007ff8ef42a000 	C:\WINDOWS\System32\cfgmgr32.dll
0x00007ff8eae20000 - 0x00007ff8eae2f000 	C:\Program Files\Java\jdk-9.0.4\bin\verify.dll
0x00007ff8ea4e0000 - 0x00007ff8ea507000 	C:\Program Files\Java\jdk-9.0.4\bin\java.dll
0x00007ff8e2b80000 - 0x00007ff8e2b96000 	C:\Program Files\Java\jdk-9.0.4\bin\zip.dll
0x00007ff8e79f0000 - 0x00007ff8e79fa000 	C:\Program Files\Java\jdk-9.0.4\bin\jimage.dll
0x00007ff8ef9d0000 - 0x00007ff8f00b7000 	C:\WINDOWS\System32\SHELL32.dll
0x00007ff8ef790000 - 0x00007ff8ef839000 	C:\WINDOWS\System32\shcore.dll
0x00007ff8ee600000 - 0x00007ff8eed81000 	C:\WINDOWS\System32\windows.storage.dll
0x00007ff8ee540000 - 0x00007ff8ee563000 	C:\WINDOWS\System32\profapi.dll
0x00007ff8ee4b0000 - 0x00007ff8ee4fa000 	C:\WINDOWS\System32\powrprof.dll
0x00007ff8ee4a0000 - 0x00007ff8ee4b0000 	C:\WINDOWS\System32\UMPDC.dll
0x00007ff8ef840000 - 0x00007ff8ef892000 	C:\WINDOWS\System32\shlwapi.dll
0x00007ff8ee520000 - 0x00007ff8ee531000 	C:\WINDOWS\System32\kernel.appcore.dll
0x00007ff8ef220000 - 0x00007ff8ef237000 	C:\WINDOWS\System32\cryptsp.dll
0x00007ff8ddaf0000 - 0x00007ff8ddb0a000 	C:\Program Files\Java\jdk-9.0.4\bin\net.dll
0x00007ff8e3030000 - 0x00007ff8e3120000 	C:\WINDOWS\SYSTEM32\WINHTTP.dll
0x00007ff8edcf0000 - 0x00007ff8edd57000 	C:\WINDOWS\system32\mswsock.dll
0x00007ff8ddad0000 - 0x00007ff8ddae1000 	C:\Program Files\Java\jdk-9.0.4\bin\nio.dll
0x00007ff8c9c40000 - 0x00007ff8c9dd9000 	C:\Program Files\Java\jdk-9.0.4\bin\awt.dll
0x00007ff8f14c0000 - 0x00007ff8f1585000 	C:\WINDOWS\System32\OLEAUT32.dll
0x00007ff8eb2d0000 - 0x00007ff8eb890000 	C:\WINDOWS\SYSTEM32\d2d1.dll
0x00007ff8ec640000 - 0x00007ff8ec6cf000 	C:\WINDOWS\SYSTEM32\apphelp.dll
0x00007ff8ec7e0000 - 0x00007ff8ec879000 	C:\WINDOWS\system32\uxtheme.dll
0x00007ff8f1370000 - 0x00007ff8f14a5000 	C:\WINDOWS\System32\MSCTF.dll
0x00007ff8f00c0000 - 0x00007ff8f0217000 	C:\WINDOWS\System32\ole32.dll
0x00007ff8ecc10000 - 0x00007ff8ecc3d000 	C:\WINDOWS\system32\DWMAPI.DLL
0x00007ff8d1b10000 - 0x00007ff8d1c66000 	C:\WINDOWS\system32\opengl32.dll
0x00007ff8d1980000 - 0x00007ff8d19ac000 	C:\WINDOWS\SYSTEM32\GLU32.dll
0x00007ff8ed0e0000 - 0x00007ff8ed100000 	C:\WINDOWS\SYSTEM32\dxcore.dll
0x00007ff8c8630000 - 0x00007ff8c86cd000 	C:\Program Files\Java\jdk-9.0.4\bin\fontmanager.dll
0x0000000071100000 - 0x0000000071125000 	C:\Users\tans_\.jssc\windows\jSSC-2.8_x86_64.dll
0x00007ff8e0170000 - 0x00007ff8e0364000 	C:\WINDOWS\SYSTEM32\dbghelp.dll

VM Arguments:
java_command: com.mycompany.sensor.Termometro
java_class_path (initial): C:\Users\tans_\Documents\NetBeansProjects\sensor\target\classes;C:\Users\tans_\.m2\repository\com\github\PanamaHitek\PanamaHitek_Arduino\3.0.0\PanamaHitek_Arduino-3.0.0.jar;C:\Users\tans_\.m2\repository\org\apache\poi\poi-ooxml\3.17\poi-ooxml-3.17.jar;C:\Users\tans_\.m2\repository\org\apache\poi\poi\3.17\poi-3.17.jar;C:\Users\tans_\.m2\repository\commons-codec\commons-codec\1.10\commons-codec-1.10.jar;C:\Users\tans_\.m2\repository\org\apache\commons\commons-collections4\4.1\commons-collections4-4.1.jar;C:\Users\tans_\.m2\repository\org\apache\poi\poi-ooxml-schemas\3.17\poi-ooxml-schemas-3.17.jar;C:\Users\tans_\.m2\repository\org\apache\xmlbeans\xmlbeans\2.6.0\xmlbeans-2.6.0.jar;C:\Users\tans_\.m2\repository\stax\stax-api\1.0.1\stax-api-1.0.1.jar;C:\Users\tans_\.m2\repository\com\github\virtuald\curvesapi\1.04\curvesapi-1.04.jar;C:\Users\tans_\.m2\repository\org\jfree\jfreechart\1.0.19\jfreechart-1.0.19.jar;C:\Users\tans_\.m2\repository\org\jfree\jcommon\1.0.23\jcommon-1.0.23.jar;C:\Users\tans_\.m2\repository\org\rxtx\rxtx\2.1.7\rxtx-2.1.7.jar;C:\Users\tans_\.m2\repository\com\fazecast\jSerialComm\2.4.0\jSerialComm-2.4.0.jar
Launcher Type: SUN_STANDARD

Logging:
Log output configuration:
#0: stdout all=warning uptime,level,tags
#1: stderr all=off uptime,level,tags

Environment Variables:
JAVA_HOME=C:\Program Files\Java\jdk-9.0.4
PATH=C:\ProgramData\Oracle\Java\javapath;C:\Program Files (x86)\Common Files\Oracle\Java\javapath;C:\WINDOWS\system32;C:\WINDOWS;C:\WINDOWS\System32\Wbem;C:\WINDOWS\System32\WindowsPowerShell\v1.0\;C:\WINDOWS\System32\OpenSSH\;C:\src\flutter\bin;C:\Program Files\Java\jdk1.8.0_261\bin;C:\Program Files\MySQL\MySQL Server 8.0\bin;C:\Program Files\MySQL\MySQL Shell 8.0\bin\;C:\Users\tans_\AppData\Local\Programs\Python\Python39\Scripts\;C:\Users\tans_\AppData\Local\Programs\Python\Python39\;C:\Users\tans_\AppData\Local\Microsoft\WindowsApps;C:\Users\tans_\AppData\Local\Programs\Microsoft VS Code\bin;C:\src\flutter\bin;C:\Program Files\Java\jdk1.8.0_261\bin;
USERNAME=Carlos
OS=Windows_NT
PROCESSOR_IDENTIFIER=Intel64 Family 6 Model 69 Stepping 1, GenuineIntel



---------------  S Y S T E M  ---------------

OS: Windows 10 , 64 bit Build 18362 (10.0.18362.1110)

CPU:total 4 (initial active 4) (2 cores per cpu, 2 threads per core) family 6 model 69 stepping 1, cmov, cx8, fxsr, mmx, sse, sse2, sse3, ssse3, sse4.1, sse4.2, popcnt, avx, avx2, aes, clmul, erms, lzcnt, ht, tsc, tscinvbit, bmi1, bmi2, fma

Memory: 4k page, physical 8290968k(2941300k free), swap 9601688k(2551624k free)

vm_info: Java HotSpot(TM) 64-Bit Server VM (9.0.4+11) for windows-amd64 JRE (9.0.4+11), built on Dec 20 2017 02:18:54 by "mach5one" with MS VC++ 12.0 (VS2013)

END.
