#
# A fatal error has been detected by the Java Runtime Environment:
#
#  EXCEPTION_ACCESS_VIOLATION (0xc0000005) at pc=0x000000007110b5db, pid=6980, tid=0x0000000000001d90
#
# JRE version: Java(TM) SE Runtime Environment (8.0_271-b09) (build 1.8.0_271-b09)
# Java VM: Java HotSpot(TM) 64-Bit Server VM (25.271-b09 mixed mode windows-amd64 compressed oops)
# Problematic frame:
# C  [jSSC-2.8_x86_64.dll+0xb5db]
#
# Failed to write core dump. Minidumps are not enabled by default on client versions of Windows
#
# If you would like to submit a bug report, please visit:
#   http://bugreport.java.com/bugreport/crash.jsp
# The crash happened outside the Java Virtual Machine in native code.
# See problematic frame for where to report the bug.
#

---------------  T H R E A D  ---------------

Current thread (0x000002271c6b2000):  JavaThread "AWT-EventQueue-0" [_thread_in_native, id=7568, stack(0x000000e135200000,0x000000e135300000)]

siginfo: ExceptionCode=0xc0000005, reading address 0x00000000056e1fa7

Registers:
RAX=0x00000000056e1fa7, RBX=0x000000e1352fdf90, RCX=0x00007ffdec7bc8d4, RDX=0x0000000000000000
RSP=0x000000e1352fdf20, RBP=0x000000e1352fe0a0, RSI=0x000002271c6b21f8, RDI=0x0000000000000494
R8 =0x000000e1352fde18, R9 =0x000000e1352fdf10, R10=0x0000000000000000, R11=0x0000000000000246
R12=0x000000e1352fe150, R13=0x000002271c45afa0, R14=0x000000e1352fe050, R15=0x000002271c6b2000
RIP=0x000000007110b5db, EFLAGS=0x0000000000010202

Top of Stack: (sp=0x000000e1352fdf20)
0x000000e1352fdf20:   000002271c432820 00000005ec7606e1
0x000000e1352fdf30:   000000007110b230 000002271c45af00
0x000000e1352fdf40:   000000e1352fe0a0 0000000000000004
0x000000e1352fdf50:   000002271c6b21f8 0000000000000494
0x000000e1352fdf60:   000000e1352fe0a0 0000000071112590
0x000000e1352fdf70:   000002271c6b2000 000000e1352fe050
0x000000e1352fdf80:   000002271c45afa0 000000e1352fe150
0x000000e1352fdf90:   000002271c45afa0 00007ffdec7606e1
0x000000e1352fdfa0:   000000e1352fdfd0 0000022705370000
0x000000e1352fdfb0:   000000e1352fe0a0 0000000000000000
0x000000e1352fdfc0:   0000000071113500 0000000071113be8
0x000000e1352fdfd0:   000000e1352fe000 0000000071112641
0x000000e1352fdfe0:   000000e1352fdf70 000002271c6b21f8
0x000000e1352fdff0:   0000000000000000 0000000000000000
0x000000e1352fe000:   000000e1352fe0a0 0000000071101595
0x000000e1352fe010:   000000000000001c 0000022700000000 

Instructions: (pc=0x000000007110b5db)
0x000000007110b5bb:   c5 0f 1f 40 00 55 57 56 53 48 83 ec 28 48 8b 05
0x000000007110b5cb:   39 33 01 00 48 89 cb 48 85 c0 0f 84 c5 00 00 00
0x000000007110b5db:   8b 38 85 ff 0f 88 ab 00 00 00 48 8b 05 1c 33 01
0x000000007110b5eb:   00 48 85 c0 0f 84 bc 00 00 00 8b 30 85 f6 74 57 


Register to memory mapping:

RAX=0x00000000056e1fa7 is an unknown value
RBX=0x000000e1352fdf90 is pointing into the stack for thread: 0x000002271c6b2000
RCX=0x00007ffdec7bc8d4 is an unknown value
RDX=0x0000000000000000 is an unknown value
RSP=0x000000e1352fdf20 is pointing into the stack for thread: 0x000002271c6b2000
RBP=0x000000e1352fe0a0 is pointing into the stack for thread: 0x000002271c6b2000
RSI=0x000002271c6b21f8 is an unknown value
RDI=0x0000000000000494 is an unknown value
R8 =0x000000e1352fde18 is pointing into the stack for thread: 0x000002271c6b2000
R9 =0x000000e1352fdf10 is pointing into the stack for thread: 0x000002271c6b2000
R10=0x0000000000000000 is an unknown value
R11=0x0000000000000246 is an unknown value
R12=0x000000e1352fe150 is pointing into the stack for thread: 0x000002271c6b2000
R13=0x000002271c45afa0 is an unknown value
R14=0x000000e1352fe050 is pointing into the stack for thread: 0x000002271c6b2000
R15=0x000002271c6b2000 is a thread


Stack: [0x000000e135200000,0x000000e135300000],  sp=0x000000e1352fdf20,  free space=1015k
Native frames: (J=compiled Java code, j=interpreted, Vv=VM code, C=native code)
C  [jSSC-2.8_x86_64.dll+0xb5db]
C  [jSSC-2.8_x86_64.dll+0x12590]
C  [jSSC-2.8_x86_64.dll+0x1595]
C  0x0000022706ea9f4e

Java frames: (J=compiled Java code, j=interpreted, Vv=VM code)
j  jssc.SerialNativeInterface.openPort(Ljava/lang/String;Z)J+0
j  jssc.SerialPort.openPort()Z+65
j  com.panamahitek.PanamaHitek_Arduino.arduinoRX(Ljava/lang/String;ILjssc/SerialPortEventListener;)V+58
j  com.panamahitek.liveinterfaces.PanamaHitek_ThermometerChart.createArduinoFollowUp(Ljava/lang/String;I)V+25
j  com.mycompany.sensor.Termometro.<init>()V+61
j  com.mycompany.sensor.Termometro$1.run()V+4
j  java.awt.event.InvocationEvent.dispatch()V+47
j  java.awt.EventQueue.dispatchEventImpl(Ljava/awt/AWTEvent;Ljava/lang/Object;)V+21
j  java.awt.EventQueue.access$500(Ljava/awt/EventQueue;Ljava/awt/AWTEvent;Ljava/lang/Object;)V+3
j  java.awt.EventQueue$3.run()Ljava/lang/Void;+32
j  java.awt.EventQueue$3.run()Ljava/lang/Object;+1
v  ~StubRoutines::call_stub
j  java.security.AccessController.doPrivileged(Ljava/security/PrivilegedAction;Ljava/security/AccessControlContext;)Ljava/lang/Object;+0
j  java.security.ProtectionDomain$JavaSecurityAccessImpl.doIntersectionPrivilege(Ljava/security/PrivilegedAction;Ljava/security/AccessControlContext;Ljava/security/AccessControlContext;)Ljava/lang/Object;+18
j  java.awt.EventQueue.dispatchEvent(Ljava/awt/AWTEvent;)V+46
j  java.awt.EventDispatchThread.pumpOneEventForFilters(I)V+140
j  java.awt.EventDispatchThread.pumpEventsForFilter(ILjava/awt/Conditional;Ljava/awt/EventFilter;)V+35
j  java.awt.EventDispatchThread.pumpEventsForHierarchy(ILjava/awt/Conditional;Ljava/awt/Component;)V+11
j  java.awt.EventDispatchThread.pumpEvents(ILjava/awt/Conditional;)V+4
j  java.awt.EventDispatchThread.pumpEvents(Ljava/awt/Conditional;)V+3
j  java.awt.EventDispatchThread.run()V+9
v  ~StubRoutines::call_stub

---------------  P R O C E S S  ---------------

Java Threads: ( => current thread )
  0x00000227053a5800 JavaThread "DestroyJavaVM" [_thread_blocked, id=11880, stack(0x000000e134000000,0x000000e134100000)]
=>0x000002271c6b2000 JavaThread "AWT-EventQueue-0" [_thread_in_native, id=7568, stack(0x000000e135200000,0x000000e135300000)]
  0x000002271c69c800 JavaThread "AWT-Windows" daemon [_thread_in_native, id=9396, stack(0x000000e135100000,0x000000e135200000)]
  0x000002271c694800 JavaThread "AWT-Shutdown" [_thread_blocked, id=4380, stack(0x000000e135000000,0x000000e135100000)]
  0x000002271c636800 JavaThread "Java2D Disposer" daemon [_thread_blocked, id=2768, stack(0x000000e134f00000,0x000000e135000000)]
  0x000002271b760000 JavaThread "Service Thread" daemon [_thread_blocked, id=5808, stack(0x000000e134d00000,0x000000e134e00000)]
  0x000002271b738000 JavaThread "C1 CompilerThread2" daemon [_thread_blocked, id=11112, stack(0x000000e134c00000,0x000000e134d00000)]
  0x000002271b6ef000 JavaThread "C2 CompilerThread1" daemon [_thread_blocked, id=9940, stack(0x000000e134b00000,0x000000e134c00000)]
  0x000002271b6eb000 JavaThread "C2 CompilerThread0" daemon [_thread_blocked, id=12216, stack(0x000000e134a00000,0x000000e134b00000)]
  0x000002271b6ea000 JavaThread "Attach Listener" daemon [_thread_blocked, id=8328, stack(0x000000e134900000,0x000000e134a00000)]
  0x000002271b6e9000 JavaThread "Signal Dispatcher" daemon [_thread_blocked, id=9068, stack(0x000000e134800000,0x000000e134900000)]
  0x00000227056d4800 JavaThread "Finalizer" daemon [_thread_blocked, id=6344, stack(0x000000e134700000,0x000000e134800000)]
  0x00000227056d3800 JavaThread "Reference Handler" daemon [_thread_blocked, id=9776, stack(0x000000e134600000,0x000000e134700000)]

Other Threads:
  0x000002271b6a2000 VMThread [stack: 0x000000e134500000,0x000000e134600000] [id=9988]
  0x000002271b766800 WatcherThread [stack: 0x000000e134e00000,0x000000e134f00000] [id=9320]

VM state:not at safepoint (normal execution)

VM Mutex/Monitor currently owned by a thread: None

heap address: 0x0000000089a00000, size: 1894 MB, Compressed Oops mode: 32-bit
Narrow klass base: 0x0000000000000000, Narrow klass shift: 3
Compressed class space size: 1073741824 Address: 0x0000000100000000

Heap:
 PSYoungGen      total 35840K, used 12457K [0x00000000d8900000, 0x00000000db100000, 0x0000000100000000)
  eden space 30720K, 40% used [0x00000000d8900000,0x00000000d952a768,0x00000000da700000)
  from space 5120K, 0% used [0x00000000dac00000,0x00000000dac00000,0x00000000db100000)
  to   space 5120K, 0% used [0x00000000da700000,0x00000000da700000,0x00000000dac00000)
 ParOldGen       total 81920K, used 0K [0x0000000089a00000, 0x000000008ea00000, 0x00000000d8900000)
  object space 81920K, 0% used [0x0000000089a00000,0x0000000089a00000,0x000000008ea00000)
 Metaspace       used 10625K, capacity 10860K, committed 11136K, reserved 1058816K
  class space    used 1214K, capacity 1292K, committed 1408K, reserved 1048576K

Card table byte_map: [0x0000022716250000,0x0000022716610000] byte_map_base: 0x0000022715e03000

Marking Bits: (ParMarkBitMap*) 0x0000000073707fe0
 Begin Bits: [0x0000022716890000, 0x0000022718628000)
 End Bits:   [0x0000022718628000, 0x000002271a3c0000)

Polling page: 0x0000022705580000

CodeCache: size=245760Kb used=2304Kb max_used=2316Kb free=243455Kb
 bounds [0x0000022706e90000, 0x0000022707100000, 0x0000022715e90000]
 total_blobs=947 nmethods=503 adapters=357
 compilation: enabled

Compilation events (10 events):
Event: 0.784 Thread 0x000002271b738000 nmethod 497 0x00000227070cda90 code [0x00000227070cdc00, 0x00000227070cdda0]
Event: 0.788 Thread 0x000002271b738000  498       3       sun.nio.cs.SingleByte$Encoder::encode (32 bytes)
Event: 0.788 Thread 0x000002271b738000 nmethod 498 0x00000227070cde50 code [0x00000227070cdfc0, 0x00000227070ce1d8]
Event: 0.788 Thread 0x000002271b738000  499       3       java.lang.invoke.MethodType$ConcurrentWeakInternSet$WeakEntry::equals (49 bytes)
Event: 0.788 Thread 0x000002271b738000 nmethod 499 0x00000227070ce310 code [0x00000227070ce4a0, 0x00000227070ceb10]
Event: 0.788 Thread 0x000002271b738000  501       3       java.lang.invoke.MethodType::toMethodDescriptorString (21 bytes)
Event: 0.789 Thread 0x000002271b738000 nmethod 501 0x00000227070cec10 code [0x00000227070cee20, 0x00000227070cf920]
Event: 0.789 Thread 0x000002271b738000  502       3       java.util.jar.Attributes$Name::hashCode (24 bytes)
Event: 0.790 Thread 0x000002271b738000 nmethod 502 0x00000227070d0050 code [0x00000227070d01c0, 0x00000227070d0390]
Event: 0.791 Thread 0x000002271b6eb000  503       4       java.lang.AbstractStringBuilder::append (50 bytes)

GC Heap History (0 events):
No events

Deoptimization events (0 events):
No events

Classes redefined (0 events):
No events

Internal exceptions (10 events):
Event: 0.138 Thread 0x00000227053a5800 Exception <a 'java/lang/NoSuchMethodError': Method sun.misc.Unsafe.defineClass(Ljava/lang/String;[BII)Ljava/lang/Class; name or signature does not match> (0x00000000d8907cc0) thrown at [C:\jenkins\workspace\8-2-build-windows-amd64-cygwin\jdk8u271\605\hots
Event: 0.138 Thread 0x00000227053a5800 Exception <a 'java/lang/NoSuchMethodError': Method sun.misc.Unsafe.prefetchRead(Ljava/lang/Object;J)V name or signature does not match> (0x00000000d8907fa8) thrown at [C:\jenkins\workspace\8-2-build-windows-amd64-cygwin\jdk8u271\605\hotspot\src\share\vm\p
Event: 0.287 Thread 0x00000227053a5800 Exception <a 'java/security/PrivilegedActionException'> (0x00000000d89895e0) thrown at [C:\jenkins\workspace\8-2-build-windows-amd64-cygwin\jdk8u271\605\hotspot\src\share\vm\prims\jvm.cpp, line 1512]
Event: 0.288 Thread 0x00000227053a5800 Exception <a 'java/security/PrivilegedActionException'> (0x00000000d89897f0) thrown at [C:\jenkins\workspace\8-2-build-windows-amd64-cygwin\jdk8u271\605\hotspot\src\share\vm\prims\jvm.cpp, line 1512]
Event: 0.290 Thread 0x00000227053a5800 Exception <a 'java/security/PrivilegedActionException'> (0x00000000d898d700) thrown at [C:\jenkins\workspace\8-2-build-windows-amd64-cygwin\jdk8u271\605\hotspot\src\share\vm\prims\jvm.cpp, line 1512]
Event: 0.290 Thread 0x00000227053a5800 Exception <a 'java/security/PrivilegedActionException'> (0x00000000d898d910) thrown at [C:\jenkins\workspace\8-2-build-windows-amd64-cygwin\jdk8u271\605\hotspot\src\share\vm\prims\jvm.cpp, line 1512]
Event: 0.342 Thread 0x00000227053a5800 Exception <a 'java/io/FileNotFoundException'> (0x00000000d8a69990) thrown at [C:\jenkins\workspace\8-2-build-windows-amd64-cygwin\jdk8u271\605\hotspot\src\share\vm\prims\jni.cpp, line 710]
Event: 0.409 Thread 0x00000227053a5800 Exception <a 'java/lang/NoSuchFieldError': method resolution failed> (0x00000000d8b3b228) thrown at [C:\jenkins\workspace\8-2-build-windows-amd64-cygwin\jdk8u271\605\hotspot\src\share\vm\prims\methodHandles.cpp, line 1169]
Event: 0.411 Thread 0x00000227053a5800 Exception <a 'java/lang/NoSuchFieldError': method resolution failed> (0x00000000d8b485f8) thrown at [C:\jenkins\workspace\8-2-build-windows-amd64-cygwin\jdk8u271\605\hotspot\src\share\vm\prims\methodHandles.cpp, line 1169]
Event: 0.491 Thread 0x000002271c6b2000 Exception <a 'java/io/FileNotFoundException'> (0x00000000d8ca6e00) thrown at [C:\jenkins\workspace\8-2-build-windows-amd64-cygwin\jdk8u271\605\hotspot\src\share\vm\prims\jni.cpp, line 710]

Events (10 events):
Event: 0.789 loading class jssc/SerialPort
Event: 0.789 loading class jssc/SerialPort done
Event: 0.790 loading class jssc/SerialPort$EventThread
Event: 0.790 loading class jssc/SerialPort$EventThread done
Event: 0.790 loading class jssc/SerialPort$LinuxEventThread
Event: 0.790 loading class jssc/SerialPort$LinuxEventThread done
Event: 0.791 loading class jssc/SerialPortTimeoutException
Event: 0.791 loading class jssc/SerialPortTimeoutException done
Event: 0.791 loading class jssc/SerialNativeInterface
Event: 0.791 loading class jssc/SerialNativeInterface done


Dynamic libraries:
0x00007ff7cc130000 - 0x00007ff7cc177000 	C:\Program Files\Java\jdk1.8.0_271\bin\java.exe
0x00007ffdec720000 - 0x00007ffdec910000 	C:\WINDOWS\SYSTEM32\ntdll.dll
0x00007ffdec200000 - 0x00007ffdec2b2000 	C:\WINDOWS\System32\KERNEL32.DLL
0x00007ffde9750000 - 0x00007ffde99f5000 	C:\WINDOWS\System32\KERNELBASE.dll
0x00007ffdeb810000 - 0x00007ffdeb8b3000 	C:\WINDOWS\System32\ADVAPI32.dll
0x00007ffdec340000 - 0x00007ffdec3de000 	C:\WINDOWS\System32\msvcrt.dll
0x00007ffdec090000 - 0x00007ffdec127000 	C:\WINDOWS\System32\sechost.dll
0x00007ffdeaa90000 - 0x00007ffdeabb0000 	C:\WINDOWS\System32\RPCRT4.dll
0x00007ffdeb920000 - 0x00007ffdebab4000 	C:\WINDOWS\System32\USER32.dll
0x00007ffde9c90000 - 0x00007ffde9cb1000 	C:\WINDOWS\System32\win32u.dll
0x00007ffdeb8c0000 - 0x00007ffdeb8e6000 	C:\WINDOWS\System32\GDI32.dll
0x00007ffde9cc0000 - 0x00007ffde9e56000 	C:\WINDOWS\System32\gdi32full.dll
0x00007ffde9690000 - 0x00007ffde972e000 	C:\WINDOWS\System32\msvcp_win.dll
0x00007ffde9e60000 - 0x00007ffde9f5a000 	C:\WINDOWS\System32\ucrtbase.dll
0x00007ffdd7e40000 - 0x00007ffdd80c4000 	C:\WINDOWS\WinSxS\amd64_microsoft.windows.common-controls_6595b64144ccf1df_6.0.18362.1256_none_9e7e379be45e40e2\COMCTL32.dll
0x00007ffdebad0000 - 0x00007ffdebe06000 	C:\WINDOWS\System32\combase.dll
0x00007ffde9a00000 - 0x00007ffde9a81000 	C:\WINDOWS\System32\bcryptPrimitives.dll
0x00007ffdeb8f0000 - 0x00007ffdeb91e000 	C:\WINDOWS\System32\IMM32.DLL
0x00007ffde1f10000 - 0x00007ffde1f25000 	C:\Program Files\Java\jdk1.8.0_271\jre\bin\vcruntime140.dll
0x00007ffdda740000 - 0x00007ffdda7db000 	C:\Program Files\Java\jdk1.8.0_271\jre\bin\msvcp140.dll
0x0000000072f10000 - 0x000000007377f000 	C:\Program Files\Java\jdk1.8.0_271\jre\bin\server\jvm.dll
0x00007ffdeb110000 - 0x00007ffdeb118000 	C:\WINDOWS\System32\PSAPI.DLL
0x00007ffdd2f50000 - 0x00007ffdd2f59000 	C:\WINDOWS\SYSTEM32\WSOCK32.dll
0x00007ffdec3e0000 - 0x00007ffdec44f000 	C:\WINDOWS\System32\WS2_32.dll
0x00007ffde5550000 - 0x00007ffde5574000 	C:\WINDOWS\SYSTEM32\WINMM.dll
0x00007ffde0d00000 - 0x00007ffde0d0a000 	C:\WINDOWS\SYSTEM32\VERSION.dll
0x00007ffde54d0000 - 0x00007ffde54fd000 	C:\WINDOWS\SYSTEM32\WINMMBASE.dll
0x00007ffde9a90000 - 0x00007ffde9ada000 	C:\WINDOWS\System32\cfgmgr32.dll
0x00007ffde9670000 - 0x00007ffde9681000 	C:\WINDOWS\System32\kernel.appcore.dll
0x00007ffde4b70000 - 0x00007ffde4b80000 	C:\Program Files\Java\jdk1.8.0_271\jre\bin\verify.dll
0x00007ffddb600000 - 0x00007ffddb62b000 	C:\Program Files\Java\jdk1.8.0_271\jre\bin\java.dll
0x00007ffde1780000 - 0x00007ffde1798000 	C:\Program Files\Java\jdk1.8.0_271\jre\bin\zip.dll
0x00007ffdeb120000 - 0x00007ffdeb807000 	C:\WINDOWS\System32\SHELL32.dll
0x00007ffdec150000 - 0x00007ffdec1f9000 	C:\WINDOWS\System32\shcore.dll
0x00007ffde9f60000 - 0x00007ffdea6e1000 	C:\WINDOWS\System32\windows.storage.dll
0x00007ffde9620000 - 0x00007ffde9643000 	C:\WINDOWS\System32\profapi.dll
0x00007ffde95d0000 - 0x00007ffde961a000 	C:\WINDOWS\System32\powrprof.dll
0x00007ffde95c0000 - 0x00007ffde95d0000 	C:\WINDOWS\System32\UMPDC.dll
0x00007ffdeac30000 - 0x00007ffdeac82000 	C:\WINDOWS\System32\shlwapi.dll
0x00007ffde9730000 - 0x00007ffde9747000 	C:\WINDOWS\System32\cryptsp.dll
0x00007ffda69a0000 - 0x00007ffda6b34000 	C:\Program Files\Java\jdk1.8.0_271\jre\bin\awt.dll
0x00007ffdec610000 - 0x00007ffdec6d5000 	C:\WINDOWS\System32\OLEAUT32.dll
0x00007ffde6ea0000 - 0x00007ffde6f2f000 	C:\WINDOWS\SYSTEM32\apphelp.dll
0x00007ffde6f90000 - 0x00007ffde7029000 	C:\WINDOWS\system32\uxtheme.dll
0x00007ffdea8a0000 - 0x00007ffdea9d5000 	C:\WINDOWS\System32\MSCTF.dll
0x00007ffdec4b0000 - 0x00007ffdec607000 	C:\WINDOWS\System32\ole32.dll
0x00007ffde74b0000 - 0x00007ffde74dd000 	C:\WINDOWS\system32\DWMAPI.DLL
0x00007ffdd7930000 - 0x00007ffdd7a86000 	C:\WINDOWS\system32\opengl32.dll
0x00007ffdd8750000 - 0x00007ffdd877c000 	C:\WINDOWS\SYSTEM32\GLU32.dll
0x00007ffde8200000 - 0x00007ffde8220000 	C:\WINDOWS\SYSTEM32\dxcore.dll
0x00007ffdda4e0000 - 0x00007ffdda529000 	C:\Program Files\Java\jdk1.8.0_271\jre\bin\fontmanager.dll
0x0000000071100000 - 0x0000000071125000 	C:\Users\LENOVO\.jssc\windows\jSSC-2.8_x86_64.dll
0x00007ffdd90a0000 - 0x00007ffdd9294000 	C:\WINDOWS\SYSTEM32\dbghelp.dll

VM Arguments:
java_command: com.mycompany.sensor.Termometro
java_class_path (initial): C:\Users\LENOVO\Desktop\Proyecto\Java\sensor\target\classes;C:\Users\LENOVO\.m2\repository\com\github\PanamaHitek\PanamaHitek_Arduino\3.0.0\PanamaHitek_Arduino-3.0.0.jar;C:\Users\LENOVO\.m2\repository\org\apache\poi\poi-ooxml\3.17\poi-ooxml-3.17.jar;C:\Users\LENOVO\.m2\repository\org\apache\poi\poi\3.17\poi-3.17.jar;C:\Users\LENOVO\.m2\repository\commons-codec\commons-codec\1.10\commons-codec-1.10.jar;C:\Users\LENOVO\.m2\repository\org\apache\commons\commons-collections4\4.1\commons-collections4-4.1.jar;C:\Users\LENOVO\.m2\repository\org\apache\poi\poi-ooxml-schemas\3.17\poi-ooxml-schemas-3.17.jar;C:\Users\LENOVO\.m2\repository\org\apache\xmlbeans\xmlbeans\2.6.0\xmlbeans-2.6.0.jar;C:\Users\LENOVO\.m2\repository\stax\stax-api\1.0.1\stax-api-1.0.1.jar;C:\Users\LENOVO\.m2\repository\com\github\virtuald\curvesapi\1.04\curvesapi-1.04.jar;C:\Users\LENOVO\.m2\repository\org\jfree\jfreechart\1.0.19\jfreechart-1.0.19.jar;C:\Users\LENOVO\.m2\repository\org\jfree\jcommon\1.0.23\jcommon-1.0.23.jar
Launcher Type: SUN_STANDARD

Environment Variables:
JAVA_HOME=C:\Program Files\Java\jdk1.8.0_271
PATH=C:\ProgramData\Oracle\Java\javapath;C:\Program Files (x86)\Common Files\Oracle\Java\javapath;C:\WINDOWS\system32;C:\WINDOWS;C:\WINDOWS\System32\Wbem;C:\WINDOWS\System32\WindowsPowerShell\v1.0\;C:\WINDOWS\System32\OpenSSH\;C:\MinGW\bin;C:\Program Files\Java\jdk1.8.0_221\bin;C:\Program Files\MySQL\MySQL Server 8.0\bin;C:\Program Files\MySQL\MySQL Shell 8.0\bin\;C:\Users\LENOVO\AppData\Local\Microsoft\WindowsApps;C:\Users\LENOVO\AppData\Local\Programs\MiKTeX 2.9\miktex\bin\x64\;C:\Users\LENOVO\AppData\Local\Programs\Microsoft VS Code\bin;
USERNAME=Alberto Vazquez
OS=Windows_NT
PROCESSOR_IDENTIFIER=Intel64 Family 6 Model 78 Stepping 3, GenuineIntel



---------------  S Y S T E M  ---------------

OS: Windows 10.0 , 64 bit Build 18362 (10.0.18362.1110)

CPU:total 4 (initial active 4) (2 cores per cpu, 2 threads per core) family 6 model 78 stepping 3, cmov, cx8, fxsr, mmx, sse, sse2, sse3, ssse3, sse4.1, sse4.2, popcnt, avx, avx2, aes, clmul, erms, rtm, 3dnowpref, lzcnt, ht, tsc, tscinvbit, bmi1, bmi2, adx

Memory: 4k page, physical 7750484k(2606508k free), swap 8995668k(1573896k free)

vm_info: Java HotSpot(TM) 64-Bit Server VM (25.271-b09) for windows-amd64 JRE (1.8.0_271-b09), built on Sep 16 2020 19:14:59 by "" with MS VC++ 15.9 (VS2017)

time: Thu Jan  7 22:49:08 2021
timezone: Hora estándar central (México)
elapsed time: 0.834044 seconds (0d 0h 0m 0s)

