#
# A fatal error has been detected by the Java Runtime Environment:
#
#  EXCEPTION_ACCESS_VIOLATION (0xc0000005) at pc=0x000000007110b5db, pid=8500, tid=0x0000000000001fc4
#
# JRE version: Java(TM) SE Runtime Environment (8.0_271-b09) (build 1.8.0_271-b09)
# Java VM: Java HotSpot(TM) 64-Bit Server VM (25.271-b09 mixed mode windows-amd64 compressed oops)
# Problematic frame:
# C  [jSSC-2.8_x86_64.dll+0xb5db]
#
# Failed to write core dump. Minidumps are not enabled by default on client versions of Windows
#
# If you would like to submit a bug report, please visit:
#   http://bugreport.java.com/bugreport/crash.jsp
# The crash happened outside the Java Virtual Machine in native code.
# See problematic frame for where to report the bug.
#

---------------  T H R E A D  ---------------

Current thread (0x000001a93e2a4800):  JavaThread "AWT-EventQueue-0" [_thread_in_native, id=8132, stack(0x0000002611200000,0x0000002611300000)]

siginfo: ExceptionCode=0xc0000005, reading address 0x0000000026ee1da9

Registers:
RAX=0x0000000026ee1da9, RBX=0x00000026112fda20, RCX=0x00007ffdec7bc8d4, RDX=0x0000000000000000
RSP=0x00000026112fd9b0, RBP=0x00000026112fdb30, RSI=0x000001a93e2a49f8, RDI=0x00000000000004e8
R8 =0x00000026112fd8a8, R9 =0x00000026112fd9a0, R10=0x0000000000000000, R11=0x0000000000000246
R12=0x00000026112fdbe0, R13=0x000001a93dd1b850, R14=0x00000026112fdae0, R15=0x000001a93e2a4800
RIP=0x000000007110b5db, EFLAGS=0x0000000000010202

Top of Stack: (sp=0x00000026112fd9b0)
0x00000026112fd9b0:   000001a93dcc9c70 0000001bec7606e1
0x00000026112fd9c0:   000000007110b230 000001a93dd1b650
0x00000026112fd9d0:   00000026112fdb30 0000000000000004
0x00000026112fd9e0:   000001a93e2a49f8 00000000000004e8
0x00000026112fd9f0:   00000026112fdb30 0000000071112590
0x00000026112fda00:   000001a93e2a4800 00000026112fdae0
0x00000026112fda10:   000001a93dd1b850 00000026112fdbe0
0x00000026112fda20:   000001a93dd1b850 00007ffdec7606e1
0x00000026112fda30:   00000026112fda60 000001a926c50000
0x00000026112fda40:   00000026112fdb30 0000000000000000
0x00000026112fda50:   0000000071113500 0000000071113be8
0x00000026112fda60:   00000026112fda90 0000000071112641
0x00000026112fda70:   00000026112fda00 000001a93e2a49f8
0x00000026112fda80:   0000000000000000 0000000000000000
0x00000026112fda90:   00000026112fdb30 0000000071101595
0x00000026112fdaa0:   000000000000001c 000001a900000000 

Instructions: (pc=0x000000007110b5db)
0x000000007110b5bb:   c5 0f 1f 40 00 55 57 56 53 48 83 ec 28 48 8b 05
0x000000007110b5cb:   39 33 01 00 48 89 cb 48 85 c0 0f 84 c5 00 00 00
0x000000007110b5db:   8b 38 85 ff 0f 88 ab 00 00 00 48 8b 05 1c 33 01
0x000000007110b5eb:   00 48 85 c0 0f 84 bc 00 00 00 8b 30 85 f6 74 57 


Register to memory mapping:

RAX=0x0000000026ee1da9 is an unknown value
RBX=0x00000026112fda20 is pointing into the stack for thread: 0x000001a93e2a4800
RCX=0x00007ffdec7bc8d4 is an unknown value
RDX=0x0000000000000000 is an unknown value
RSP=0x00000026112fd9b0 is pointing into the stack for thread: 0x000001a93e2a4800
RBP=0x00000026112fdb30 is pointing into the stack for thread: 0x000001a93e2a4800
RSI=0x000001a93e2a49f8 is an unknown value
RDI=0x00000000000004e8 is an unknown value
R8 =0x00000026112fd8a8 is pointing into the stack for thread: 0x000001a93e2a4800
R9 =0x00000026112fd9a0 is pointing into the stack for thread: 0x000001a93e2a4800
R10=0x0000000000000000 is an unknown value
R11=0x0000000000000246 is an unknown value
R12=0x00000026112fdbe0 is pointing into the stack for thread: 0x000001a93e2a4800
R13=0x000001a93dd1b850 is an unknown value
R14=0x00000026112fdae0 is pointing into the stack for thread: 0x000001a93e2a4800
R15=0x000001a93e2a4800 is a thread


Stack: [0x0000002611200000,0x0000002611300000],  sp=0x00000026112fd9b0,  free space=1014k
Native frames: (J=compiled Java code, j=interpreted, Vv=VM code, C=native code)
C  [jSSC-2.8_x86_64.dll+0xb5db]
C  [jSSC-2.8_x86_64.dll+0x12590]
C  [jSSC-2.8_x86_64.dll+0x1595]
C  0x000001a9286a9f4e

Java frames: (J=compiled Java code, j=interpreted, Vv=VM code)
j  jssc.SerialNativeInterface.openPort(Ljava/lang/String;Z)J+0
j  jssc.SerialPort.openPort()Z+65
j  com.panamahitek.PanamaHitek_Arduino.arduinoRX(Ljava/lang/String;ILjssc/SerialPortEventListener;)V+58
j  com.panamahitek.liveinterfaces.PanamaHitek_ThermometerChart.createArduinoFollowUp(Ljava/lang/String;I)V+25
j  com.mycompany.sensor.Termometro.<init>()V+54
j  com.mycompany.sensor.Termometro$1.run()V+4
j  java.awt.event.InvocationEvent.dispatch()V+47
j  java.awt.EventQueue.dispatchEventImpl(Ljava/awt/AWTEvent;Ljava/lang/Object;)V+21
j  java.awt.EventQueue.access$500(Ljava/awt/EventQueue;Ljava/awt/AWTEvent;Ljava/lang/Object;)V+3
j  java.awt.EventQueue$3.run()Ljava/lang/Void;+32
j  java.awt.EventQueue$3.run()Ljava/lang/Object;+1
v  ~StubRoutines::call_stub
j  java.security.AccessController.doPrivileged(Ljava/security/PrivilegedAction;Ljava/security/AccessControlContext;)Ljava/lang/Object;+0
j  java.security.ProtectionDomain$JavaSecurityAccessImpl.doIntersectionPrivilege(Ljava/security/PrivilegedAction;Ljava/security/AccessControlContext;Ljava/security/AccessControlContext;)Ljava/lang/Object;+18
j  java.awt.EventQueue.dispatchEvent(Ljava/awt/AWTEvent;)V+46
j  java.awt.EventDispatchThread.pumpOneEventForFilters(I)V+140
j  java.awt.EventDispatchThread.pumpEventsForFilter(ILjava/awt/Conditional;Ljava/awt/EventFilter;)V+35
j  java.awt.EventDispatchThread.pumpEventsForHierarchy(ILjava/awt/Conditional;Ljava/awt/Component;)V+11
j  java.awt.EventDispatchThread.pumpEvents(ILjava/awt/Conditional;)V+4
j  java.awt.EventDispatchThread.pumpEvents(Ljava/awt/Conditional;)V+3
j  java.awt.EventDispatchThread.run()V+9
v  ~StubRoutines::call_stub

---------------  P R O C E S S  ---------------

Java Threads: ( => current thread )
  0x000001a926c86000 JavaThread "DestroyJavaVM" [_thread_blocked, id=8832, stack(0x0000002610000000,0x0000002610100000)]
=>0x000001a93e2a4800 JavaThread "AWT-EventQueue-0" [_thread_in_native, id=8132, stack(0x0000002611200000,0x0000002611300000)]
  0x000001a93df7d000 JavaThread "AWT-Windows" daemon [_thread_in_native, id=9724, stack(0x0000002611100000,0x0000002611200000)]
  0x000001a93df7a800 JavaThread "AWT-Shutdown" [_thread_blocked, id=2304, stack(0x0000002611000000,0x0000002611100000)]
  0x000001a93df79000 JavaThread "Java2D Disposer" daemon [_thread_blocked, id=7324, stack(0x0000002610f00000,0x0000002611000000)]
  0x000001a93d053000 JavaThread "Service Thread" daemon [_thread_blocked, id=3160, stack(0x0000002610d00000,0x0000002610e00000)]
  0x000001a93cfdf000 JavaThread "C1 CompilerThread2" daemon [_thread_blocked, id=8616, stack(0x0000002610c00000,0x0000002610d00000)]
  0x000001a93cfcf800 JavaThread "C2 CompilerThread1" daemon [_thread_blocked, id=7560, stack(0x0000002610b00000,0x0000002610c00000)]
  0x000001a93cfcc000 JavaThread "C2 CompilerThread0" daemon [_thread_blocked, id=11252, stack(0x0000002610a00000,0x0000002610b00000)]
  0x000001a93cfc8000 JavaThread "Attach Listener" daemon [_thread_blocked, id=964, stack(0x0000002610900000,0x0000002610a00000)]
  0x000001a93cfc7000 JavaThread "Signal Dispatcher" daemon [_thread_blocked, id=10344, stack(0x0000002610800000,0x0000002610900000)]
  0x000001a93c878800 JavaThread "Finalizer" daemon [_thread_blocked, id=5864, stack(0x0000002610700000,0x0000002610800000)]
  0x000001a93cfa6800 JavaThread "Reference Handler" daemon [_thread_blocked, id=11704, stack(0x0000002610600000,0x0000002610700000)]

Other Threads:
  0x000001a93cf82800 VMThread [stack: 0x0000002610500000,0x0000002610600000] [id=9544]
  0x000001a93d078800 WatcherThread [stack: 0x0000002610e00000,0x0000002610f00000] [id=9452]

VM state:not at safepoint (normal execution)

VM Mutex/Monitor currently owned by a thread: None

heap address: 0x0000000089a00000, size: 1894 MB, Compressed Oops mode: 32-bit
Narrow klass base: 0x0000000000000000, Narrow klass shift: 3
Compressed class space size: 1073741824 Address: 0x0000000100000000

Heap:
 PSYoungGen      total 35840K, used 12507K [0x00000000d8900000, 0x00000000db100000, 0x0000000100000000)
  eden space 30720K, 40% used [0x00000000d8900000,0x00000000d9536f38,0x00000000da700000)
  from space 5120K, 0% used [0x00000000dac00000,0x00000000dac00000,0x00000000db100000)
  to   space 5120K, 0% used [0x00000000da700000,0x00000000da700000,0x00000000dac00000)
 ParOldGen       total 81920K, used 0K [0x0000000089a00000, 0x000000008ea00000, 0x00000000d8900000)
  object space 81920K, 0% used [0x0000000089a00000,0x0000000089a00000,0x000000008ea00000)
 Metaspace       used 10614K, capacity 10860K, committed 11136K, reserved 1058816K
  class space    used 1214K, capacity 1292K, committed 1408K, reserved 1048576K

Card table byte_map: [0x000001a937a50000,0x000001a937e10000] byte_map_base: 0x000001a937603000

Marking Bits: (ParMarkBitMap*) 0x0000000073707fe0
 Begin Bits: [0x000001a938090000, 0x000001a939e28000)
 End Bits:   [0x000001a939e28000, 0x000001a93bbc0000)

Polling page: 0x000001a926e70000

CodeCache: size=245760Kb used=2288Kb max_used=2288Kb free=243471Kb
 bounds [0x000001a928690000, 0x000001a928900000, 0x000001a937690000]
 total_blobs=937 nmethods=493 adapters=357
 compilation: enabled

Compilation events (10 events):
Event: 0.804 Thread 0x000001a93cfdf000  489       3       sun.awt.SunToolkit::getAppContext (42 bytes)
Event: 0.804 Thread 0x000001a93cfdf000 nmethod 489 0x000001a9288c99d0 code [0x000001a9288c9bc0, 0x000001a9288ca5b0]
Event: 0.804 Thread 0x000001a93cfdf000  483       1       java.beans.PropertyChangeEvent::getNewValue (5 bytes)
Event: 0.804 Thread 0x000001a93cfdf000 nmethod 483 0x000001a9288ca7d0 code [0x000001a9288ca920, 0x000001a9288caa38]
Event: 0.807 Thread 0x000001a93cfdf000  490       3       sun.nio.cs.SingleByte$Encoder::encode (32 bytes)
Event: 0.807 Thread 0x000001a93cfdf000 nmethod 490 0x000001a9288caa90 code [0x000001a9288cac00, 0x000001a9288cae18]
Event: 0.807 Thread 0x000001a93cfdf000  491       3       java.lang.invoke.MethodType$ConcurrentWeakInternSet$WeakEntry::equals (49 bytes)
Event: 0.807 Thread 0x000001a93cfdf000 nmethod 491 0x000001a9288caf50 code [0x000001a9288cb0e0, 0x000001a9288cb750]
Event: 0.807 Thread 0x000001a93cfdf000  493       3       java.lang.invoke.MethodType::toMethodDescriptorString (21 bytes)
Event: 0.808 Thread 0x000001a93cfdf000 nmethod 493 0x000001a9288cb850 code [0x000001a9288cba60, 0x000001a9288cc560]

GC Heap History (0 events):
No events

Deoptimization events (0 events):
No events

Classes redefined (0 events):
No events

Internal exceptions (10 events):
Event: 0.044 Thread 0x000001a926c86000 Exception <a 'java/lang/NoSuchMethodError': Method sun.misc.Unsafe.defineClass(Ljava/lang/String;[BII)Ljava/lang/Class; name or signature does not match> (0x00000000d8907cc0) thrown at [C:\jenkins\workspace\8-2-build-windows-amd64-cygwin\jdk8u271\605\hots
Event: 0.044 Thread 0x000001a926c86000 Exception <a 'java/lang/NoSuchMethodError': Method sun.misc.Unsafe.prefetchRead(Ljava/lang/Object;J)V name or signature does not match> (0x00000000d8907fa8) thrown at [C:\jenkins\workspace\8-2-build-windows-amd64-cygwin\jdk8u271\605\hotspot\src\share\vm\p
Event: 0.173 Thread 0x000001a926c86000 Exception <a 'java/security/PrivilegedActionException'> (0x00000000d89895c8) thrown at [C:\jenkins\workspace\8-2-build-windows-amd64-cygwin\jdk8u271\605\hotspot\src\share\vm\prims\jvm.cpp, line 1512]
Event: 0.173 Thread 0x000001a926c86000 Exception <a 'java/security/PrivilegedActionException'> (0x00000000d89897d8) thrown at [C:\jenkins\workspace\8-2-build-windows-amd64-cygwin\jdk8u271\605\hotspot\src\share\vm\prims\jvm.cpp, line 1512]
Event: 0.174 Thread 0x000001a926c86000 Exception <a 'java/security/PrivilegedActionException'> (0x00000000d898d6e8) thrown at [C:\jenkins\workspace\8-2-build-windows-amd64-cygwin\jdk8u271\605\hotspot\src\share\vm\prims\jvm.cpp, line 1512]
Event: 0.174 Thread 0x000001a926c86000 Exception <a 'java/security/PrivilegedActionException'> (0x00000000d898d8f8) thrown at [C:\jenkins\workspace\8-2-build-windows-amd64-cygwin\jdk8u271\605\hotspot\src\share\vm\prims\jvm.cpp, line 1512]
Event: 0.216 Thread 0x000001a926c86000 Exception <a 'java/io/FileNotFoundException'> (0x00000000d8a69990) thrown at [C:\jenkins\workspace\8-2-build-windows-amd64-cygwin\jdk8u271\605\hotspot\src\share\vm\prims\jni.cpp, line 710]
Event: 0.288 Thread 0x000001a926c86000 Exception <a 'java/lang/NoSuchFieldError': method resolution failed> (0x00000000d8b3b228) thrown at [C:\jenkins\workspace\8-2-build-windows-amd64-cygwin\jdk8u271\605\hotspot\src\share\vm\prims\methodHandles.cpp, line 1169]
Event: 0.291 Thread 0x000001a926c86000 Exception <a 'java/lang/NoSuchFieldError': method resolution failed> (0x00000000d8b485f8) thrown at [C:\jenkins\workspace\8-2-build-windows-amd64-cygwin\jdk8u271\605\hotspot\src\share\vm\prims\methodHandles.cpp, line 1169]
Event: 0.391 Thread 0x000001a93e2a4800 Exception <a 'java/io/FileNotFoundException'> (0x00000000d8ca6e00) thrown at [C:\jenkins\workspace\8-2-build-windows-amd64-cygwin\jdk8u271\605\hotspot\src\share\vm\prims\jni.cpp, line 710]

Events (10 events):
Event: 0.809 loading class jssc/SerialPort
Event: 0.809 loading class jssc/SerialPort done
Event: 0.810 loading class jssc/SerialPort$EventThread
Event: 0.810 loading class jssc/SerialPort$EventThread done
Event: 0.810 loading class jssc/SerialPort$LinuxEventThread
Event: 0.810 loading class jssc/SerialPort$LinuxEventThread done
Event: 0.811 loading class jssc/SerialPortTimeoutException
Event: 0.811 loading class jssc/SerialPortTimeoutException done
Event: 0.811 loading class jssc/SerialNativeInterface
Event: 0.811 loading class jssc/SerialNativeInterface done


Dynamic libraries:
0x00007ff7cc130000 - 0x00007ff7cc177000 	C:\Program Files\Java\jdk1.8.0_271\bin\java.exe
0x00007ffdec720000 - 0x00007ffdec910000 	C:\WINDOWS\SYSTEM32\ntdll.dll
0x00007ffdec200000 - 0x00007ffdec2b2000 	C:\WINDOWS\System32\KERNEL32.DLL
0x00007ffde9750000 - 0x00007ffde99f5000 	C:\WINDOWS\System32\KERNELBASE.dll
0x00007ffdeb810000 - 0x00007ffdeb8b3000 	C:\WINDOWS\System32\ADVAPI32.dll
0x00007ffdec340000 - 0x00007ffdec3de000 	C:\WINDOWS\System32\msvcrt.dll
0x00007ffdec090000 - 0x00007ffdec127000 	C:\WINDOWS\System32\sechost.dll
0x00007ffdeaa90000 - 0x00007ffdeabb0000 	C:\WINDOWS\System32\RPCRT4.dll
0x00007ffdeb920000 - 0x00007ffdebab4000 	C:\WINDOWS\System32\USER32.dll
0x00007ffde9c90000 - 0x00007ffde9cb1000 	C:\WINDOWS\System32\win32u.dll
0x00007ffdeb8c0000 - 0x00007ffdeb8e6000 	C:\WINDOWS\System32\GDI32.dll
0x00007ffde9cc0000 - 0x00007ffde9e56000 	C:\WINDOWS\System32\gdi32full.dll
0x00007ffde9690000 - 0x00007ffde972e000 	C:\WINDOWS\System32\msvcp_win.dll
0x00007ffde9e60000 - 0x00007ffde9f5a000 	C:\WINDOWS\System32\ucrtbase.dll
0x00007ffdd7e40000 - 0x00007ffdd80c4000 	C:\WINDOWS\WinSxS\amd64_microsoft.windows.common-controls_6595b64144ccf1df_6.0.18362.1256_none_9e7e379be45e40e2\COMCTL32.dll
0x00007ffdebad0000 - 0x00007ffdebe06000 	C:\WINDOWS\System32\combase.dll
0x00007ffde9a00000 - 0x00007ffde9a81000 	C:\WINDOWS\System32\bcryptPrimitives.dll
0x00007ffdeb8f0000 - 0x00007ffdeb91e000 	C:\WINDOWS\System32\IMM32.DLL
0x00007ffde4b60000 - 0x00007ffde4b75000 	C:\Program Files\Java\jdk1.8.0_271\jre\bin\vcruntime140.dll
0x00007ffdda740000 - 0x00007ffdda7db000 	C:\Program Files\Java\jdk1.8.0_271\jre\bin\msvcp140.dll
0x0000000072f10000 - 0x000000007377f000 	C:\Program Files\Java\jdk1.8.0_271\jre\bin\server\jvm.dll
0x00007ffdeb110000 - 0x00007ffdeb118000 	C:\WINDOWS\System32\PSAPI.DLL
0x00007ffdd2f50000 - 0x00007ffdd2f59000 	C:\WINDOWS\SYSTEM32\WSOCK32.dll
0x00007ffde0d00000 - 0x00007ffde0d0a000 	C:\WINDOWS\SYSTEM32\VERSION.dll
0x00007ffdec3e0000 - 0x00007ffdec44f000 	C:\WINDOWS\System32\WS2_32.dll
0x00007ffde5550000 - 0x00007ffde5574000 	C:\WINDOWS\SYSTEM32\WINMM.dll
0x00007ffde54d0000 - 0x00007ffde54fd000 	C:\WINDOWS\SYSTEM32\winmmbase.dll
0x00007ffde9a90000 - 0x00007ffde9ada000 	C:\WINDOWS\System32\cfgmgr32.dll
0x00007ffde9670000 - 0x00007ffde9681000 	C:\WINDOWS\System32\kernel.appcore.dll
0x00007ffde1790000 - 0x00007ffde17a0000 	C:\Program Files\Java\jdk1.8.0_271\jre\bin\verify.dll
0x00007ffddb600000 - 0x00007ffddb62b000 	C:\Program Files\Java\jdk1.8.0_271\jre\bin\java.dll
0x00007ffdda720000 - 0x00007ffdda738000 	C:\Program Files\Java\jdk1.8.0_271\jre\bin\zip.dll
0x00007ffdeb120000 - 0x00007ffdeb807000 	C:\WINDOWS\System32\SHELL32.dll
0x00007ffdec150000 - 0x00007ffdec1f9000 	C:\WINDOWS\System32\shcore.dll
0x00007ffde9f60000 - 0x00007ffdea6e1000 	C:\WINDOWS\System32\windows.storage.dll
0x00007ffde9620000 - 0x00007ffde9643000 	C:\WINDOWS\System32\profapi.dll
0x00007ffde95d0000 - 0x00007ffde961a000 	C:\WINDOWS\System32\powrprof.dll
0x00007ffde95c0000 - 0x00007ffde95d0000 	C:\WINDOWS\System32\UMPDC.dll
0x00007ffdeac30000 - 0x00007ffdeac82000 	C:\WINDOWS\System32\shlwapi.dll
0x00007ffde9730000 - 0x00007ffde9747000 	C:\WINDOWS\System32\cryptsp.dll
0x00007ffdda540000 - 0x00007ffdda6d4000 	C:\Program Files\Java\jdk1.8.0_271\jre\bin\awt.dll
0x00007ffdec610000 - 0x00007ffdec6d5000 	C:\WINDOWS\System32\OLEAUT32.dll
0x00007ffde6ea0000 - 0x00007ffde6f2f000 	C:\WINDOWS\SYSTEM32\apphelp.dll
0x00007ffde6f90000 - 0x00007ffde7029000 	C:\WINDOWS\system32\uxtheme.dll
0x00007ffdea8a0000 - 0x00007ffdea9d5000 	C:\WINDOWS\System32\MSCTF.dll
0x00007ffdec4b0000 - 0x00007ffdec607000 	C:\WINDOWS\System32\ole32.dll
0x00007ffde74b0000 - 0x00007ffde74dd000 	C:\WINDOWS\system32\DWMAPI.DLL
0x00007ffdd7930000 - 0x00007ffdd7a86000 	C:\WINDOWS\system32\opengl32.dll
0x00007ffdd8750000 - 0x00007ffdd877c000 	C:\WINDOWS\SYSTEM32\GLU32.dll
0x00007ffde8200000 - 0x00007ffde8220000 	C:\WINDOWS\SYSTEM32\dxcore.dll
0x00007ffdda480000 - 0x00007ffdda4c9000 	C:\Program Files\Java\jdk1.8.0_271\jre\bin\fontmanager.dll
0x0000000071100000 - 0x0000000071125000 	C:\Users\LENOVO\.jssc\windows\jSSC-2.8_x86_64.dll
0x00007ffdd90a0000 - 0x00007ffdd9294000 	C:\WINDOWS\SYSTEM32\dbghelp.dll

VM Arguments:
java_command: com.mycompany.sensor.Termometro
java_class_path (initial): C:\Users\LENOVO\Desktop\Proyecto\Java\sensor\target\classes;C:\Users\LENOVO\.m2\repository\com\github\PanamaHitek\PanamaHitek_Arduino\3.0.0\PanamaHitek_Arduino-3.0.0.jar;C:\Users\LENOVO\.m2\repository\org\apache\poi\poi-ooxml\3.17\poi-ooxml-3.17.jar;C:\Users\LENOVO\.m2\repository\org\apache\poi\poi\3.17\poi-3.17.jar;C:\Users\LENOVO\.m2\repository\commons-codec\commons-codec\1.10\commons-codec-1.10.jar;C:\Users\LENOVO\.m2\repository\org\apache\commons\commons-collections4\4.1\commons-collections4-4.1.jar;C:\Users\LENOVO\.m2\repository\org\apache\poi\poi-ooxml-schemas\3.17\poi-ooxml-schemas-3.17.jar;C:\Users\LENOVO\.m2\repository\org\apache\xmlbeans\xmlbeans\2.6.0\xmlbeans-2.6.0.jar;C:\Users\LENOVO\.m2\repository\stax\stax-api\1.0.1\stax-api-1.0.1.jar;C:\Users\LENOVO\.m2\repository\com\github\virtuald\curvesapi\1.04\curvesapi-1.04.jar;C:\Users\LENOVO\.m2\repository\org\jfree\jfreechart\1.0.19\jfreechart-1.0.19.jar;C:\Users\LENOVO\.m2\repository\org\jfree\jcommon\1.0.23\jcommon-1.0.23.jar
Launcher Type: SUN_STANDARD

Environment Variables:
JAVA_HOME=C:\Program Files\Java\jdk1.8.0_271
PATH=C:\ProgramData\Oracle\Java\javapath;C:\Program Files (x86)\Common Files\Oracle\Java\javapath;C:\WINDOWS\system32;C:\WINDOWS;C:\WINDOWS\System32\Wbem;C:\WINDOWS\System32\WindowsPowerShell\v1.0\;C:\WINDOWS\System32\OpenSSH\;C:\MinGW\bin;C:\Program Files\Java\jdk1.8.0_221\bin;C:\Program Files\MySQL\MySQL Server 8.0\bin;C:\Program Files\MySQL\MySQL Shell 8.0\bin\;C:\Users\LENOVO\AppData\Local\Microsoft\WindowsApps;C:\Users\LENOVO\AppData\Local\Programs\MiKTeX 2.9\miktex\bin\x64\;C:\Users\LENOVO\AppData\Local\Programs\Microsoft VS Code\bin;
USERNAME=Alberto Vazquez
OS=Windows_NT
PROCESSOR_IDENTIFIER=Intel64 Family 6 Model 78 Stepping 3, GenuineIntel



---------------  S Y S T E M  ---------------

OS: Windows 10.0 , 64 bit Build 18362 (10.0.18362.1110)

CPU:total 4 (initial active 4) (2 cores per cpu, 2 threads per core) family 6 model 78 stepping 3, cmov, cx8, fxsr, mmx, sse, sse2, sse3, ssse3, sse4.1, sse4.2, popcnt, avx, avx2, aes, clmul, erms, rtm, 3dnowpref, lzcnt, ht, tsc, tscinvbit, bmi1, bmi2, adx

Memory: 4k page, physical 7750484k(2458844k free), swap 8995668k(1719480k free)

vm_info: Java HotSpot(TM) 64-Bit Server VM (25.271-b09) for windows-amd64 JRE (1.8.0_271-b09), built on Sep 16 2020 19:14:59 by "" with MS VC++ 15.9 (VS2017)

time: Thu Jan  7 22:56:31 2021
timezone: Hora estándar central (México)
elapsed time: 0.885686 seconds (0d 0h 0m 0s)

